<?xml version="1.0" encoding="UTF-8"?>
<robot generator="Robot 3.1.2 (Python 3.8.2 on darwin)" generated="20200608 12:43:04.180" rpa="false">
<suite id="s1" name="Connector Tests" source="/Users/daniilsmirnov/connector-leanheat-with-tests/robottests/connector_tests.robot">
<test id="s1-t1" name="fetch, 200">
<kw name="Get Body">
<assign>
<var>${body}</var>
</assign>
<kw name="Copy Dictionary" library="Collections">
<doc>Returns a copy of the given dictionary.</doc>
<arguments>
<arg>${BROKER_BODY}</arg>
<arg>deepcopy=True</arg>
</arguments>
<assign>
<var>${body}</var>
</assign>
<msg timestamp="20200608 12:43:04.631" level="INFO">${body} = {'timestamp': '2018-11-01T12:00:00+00:00', 'parameters': {'idOfficial': '3042282-9', 'country': 'fi', 'status': ['Canceled', 'In Progress', 'Open'], 'limit': '5', 'offset': '0', 'queryText': '', 'filt...</msg>
<status status="PASS" starttime="20200608 12:43:04.631" endtime="20200608 12:43:04.631"></status>
</kw>
<kw name="Get Current Date" library="DateTime">
<doc>Returns current local or UTC time with an optional increment.</doc>
<arguments>
<arg>time_zone=UTC</arg>
<arg>result_format=%Y-%m-%dT%H:%M:%S+00:00</arg>
</arguments>
<assign>
<var>${now}</var>
</assign>
<msg timestamp="20200608 12:43:04.631" level="INFO">${now} = 2020-06-08T09:43:04+00:00</msg>
<status status="PASS" starttime="20200608 12:43:04.631" endtime="20200608 12:43:04.631"></status>
</kw>
<kw name="Set To Dictionary" library="Collections">
<doc>Adds the given ``key_value_pairs`` and ``items`` to the ``dictionary``.</doc>
<arguments>
<arg>${body}</arg>
<arg>timestamp</arg>
<arg>${now}</arg>
</arguments>
<status status="PASS" starttime="20200608 12:43:04.632" endtime="20200608 12:43:04.632"></status>
</kw>
<kw name="Set To Dictionary" library="Collections">
<doc>Adds the given ``key_value_pairs`` and ``items`` to the ``dictionary``.</doc>
<arguments>
<arg>${body}</arg>
<arg>&amp;{kwargs}</arg>
</arguments>
<status status="PASS" starttime="20200608 12:43:04.632" endtime="20200608 12:43:04.632"></status>
</kw>
<kw name="Evaluate" library="BuiltIn">
<doc>Evaluates the given expression in Python and returns the results.</doc>
<arguments>
<arg>json.dumps(${body})</arg>
<arg>json</arg>
</arguments>
<assign>
<var>${json_string}</var>
</assign>
<msg timestamp="20200608 12:43:04.632" level="INFO">${json_string} = {"timestamp": "2020-06-08T09:43:04+00:00", "parameters": {"idOfficial": "3042282-9", "country": "fi", "status": ["Canceled", "In Progress", "Open"], "limit": "5", "offset": "0", "queryText": "", "filt...</msg>
<status status="PASS" starttime="20200608 12:43:04.632" endtime="20200608 12:43:04.633"></status>
</kw>
<msg timestamp="20200608 12:43:04.633" level="INFO">${body} = {"timestamp": "2020-06-08T09:43:04+00:00", "parameters": {"idOfficial": "3042282-9", "country": "fi", "status": ["Canceled", "In Progress", "Open"], "limit": "5", "offset": "0", "queryText": "", "filt...</msg>
<status status="PASS" starttime="20200608 12:43:04.630" endtime="20200608 12:43:04.633"></status>
</kw>
<kw name="Fetch Data Product">
<arguments>
<arg>${body}</arg>
</arguments>
<kw name="Calculate Pot Signature" library="PoTLib">
<arguments>
<arg>${body}</arg>
<arg>${CLIENT_SECRET}</arg>
</arguments>
<assign>
<var>${signature}</var>
</assign>
<msg timestamp="20200608 12:43:04.633" level="INFO">8iHRUDdr+MAWPJ/rw41yx4D1iWe9cZiZmXc6H6TVq4A=</msg>
<msg timestamp="20200608 12:43:04.633" level="INFO">${signature} = 8iHRUDdr+MAWPJ/rw41yx4D1iWe9cZiZmXc6H6TVq4A=</msg>
<status status="PASS" starttime="20200608 12:43:04.633" endtime="20200608 12:43:04.633"></status>
</kw>
<kw name="Set Headers" library="REST">
<tags>
<tag>settings</tag>
</tags>
<doc>*Sets new request headers or updates the existing.*</doc>
<arguments>
<arg>{"x-pot-signature": "${signature}", "x-app-token": "${APP_TOKEN}"}</arg>
</arguments>
<status status="PASS" starttime="20200608 12:43:04.633" endtime="20200608 12:43:04.634"></status>
</kw>
<kw name="Post" library="REST">
<tags>
<tag>http</tag>
</tags>
<doc>*Sends a POST request to the endpoint.*</doc>
<arguments>
<arg>/translator/v1/fetch</arg>
<arg>${body}</arg>
</arguments>
<status status="PASS" starttime="20200608 12:43:04.634" endtime="20200608 12:43:05.408"></status>
</kw>
<kw name="Output Schema" library="REST">
<tags>
<tag>I/O</tag>
</tags>
<doc>*Outputs JSON Schema to terminal or a file.*</doc>
<arguments>
<arg>response body</arg>
</arguments>
<msg timestamp="20200608 12:43:05.409" level="INFO">
{
    "type": "object",
    "properties": {
        "@context": {
            "type": "string",
            "default": "https://standards-ontotest.oftrust.net/v2/Context/DataProductOutput/Document/Signing/SignSpace/"
        },
        "data": {
            "type": "object",
            "properties": {
                "signing": {
                    "type": "array",
                    "items": {
                        "type": "object",
                        "properties": {
                            "url": {
                                "type": "string"
                            },
                            "digitalSignaturesRequestedCount": {
                                "type": "integer"
                            },
                            "digitalSignaturesCompletedCount": {
                                "type": "integer"
                            },
                            "created": {
                                "type": "string"
                            },
                            "updated": {
                                "type": "string"
                            },
                            "status": {
                                "type": "string"
                            },
                            "idSource": {
                                "type": "string"
                            },
                            "name": {
                                "type": "string"
                            },
                            "parties": {
                                "type": "array",
                                "items": {
                                    "type": "object",
                                    "properties": {
                                        "name": {
                                            "type": "string"
                                        },
                                        "@type": {
                                            "type": "string"
                                        }
                                    },
                                    "required": [
                                        "@type",
                                        "name"
                                    ]
                                }
                            },
                            "documents": {
                                "type": "array",
                                "items": {
                                    "type": "object",
                                    "properties": {
                                        "name": {
                                            "type": "string"
                                        },
                                        "@type": {
                                            "type": "string"
                                        }
                                    },
                                    "required": [
                                        "@type",
                                        "name"
                                    ]
                                }
                            },
                            "digitalSignatures": {
                                "type": "array",
                                "items": {
                                    "type": "object",
                                    "properties": {
                                        "@type": {
                                            "type": "string"
                                        },
                                        "executor": {
                                            "type": "string"
                                        },
                                        "timestamp": {
                                            "type": "string"
                                        }
                                    },
                                    "required": [
                                        "@type",
                                        "executor",
                                        "timestamp"
                                    ]
                                }
                            }
                        },
                        "required": [
                            "created",
                            "digitalSignatures",
                            "digitalSignaturesCompletedCount",
                            "digitalSignaturesRequestedCount",
                            "documents",
                            "idSource",
                            "name",
                            "parties",
                            "status",
                            "updated",
                            "url"
                        ]
                    },
                    "default": [
                        {
                            "url": "https://signspace.beta.tilaajavastuu.fi/signing/5eda1409d5ca82017ea96a66",
                            "digitalSignaturesRequestedCount": 1,
                            "digitalSignaturesCompletedCount": 0,
                            "created": "2020-06-05T09:44:41",
                            "updated": "2020-06-05T09:55:42",
                            "status": "Canceled",
                            "idSource": "5eda1409d5ca82017ea96a66",
                            "name": "Test contract with tag",
                            "parties": [
                                {
                                    "name": "PoT Beta",
                                    "@type": "Organization"
                                },
                                {
                                    "name": "PoT Beta",
                                    "@type": "Organization"
                                }
                            ],
                            "documents": [
                                {
                                    "name": "bar.png",
                                    "@type": "Document"
                                }
                            ],
                            "digitalSignatures": []
                        },
                        {
                            "url": "https://signspace.beta.tilaajavastuu.fi/signing/5ed0a1b3588e433c01328ad8",
                            "digitalSignaturesRequestedCount": 1,
                            "digitalSignaturesCompletedCount": 0,
                            "created": "2020-05-29T05:46:27",
                            "updated": "2020-05-29T05:46:27",
                            "status": "Open",
                            "idSource": "5ed0a1b3588e433c01328ad8",
                            "name": "Test",
                            "parties": [
                                {
                                    "name": "PoT Beta",
                                    "@type": "Organization"
                                }
                            ],
                            "documents": [
                                {
                                    "name": "resume.doc",
                                    "@type": "Document"
                                }
                            ],
                            "digitalSignatures": []
                        },
                        {
                            "url": "https://signspace.beta.tilaajavastuu.fi/signing/5ec24715a73c170181da9767",
                            "digitalSignaturesRequestedCount": 2,
                            "digitalSignaturesCompletedCount": 1,
                            "created": "2020-05-18T08:28:05",
                            "updated": "2020-05-18T08:35:40",
                            "status": "In progress",
                            "idSource": "5ec24715a73c170181da9767",
                            "name": "ABC",
                            "parties": [
                                {
                                    "name": "PoT Beta",
                                    "@type": "Organization"
                                },
                                {
                                    "name": "PoT Beta",
                                    "@type": "Organization"
                                }
                            ],
                            "documents": [
                                {
                                    "name": "the-fellowship-of-the-ring-j-r-r-tolkien.pdf",
                                    "@type": "Document"
                                }
                            ],
                            "digitalSignatures": [
                                {
                                    "@type": "DigitalSignature",
                                    "executor": "simeon.platonov@gmail.com",
                                    "timestamp": "2020-05-18T08:35:40"
                                }
                            ]
                        },
                        {
                            "url": "https://signspace.beta.tilaajavastuu.fi/signing/5ec2200df6421916a83708bf",
                            "digitalSignaturesRequestedCount": 1,
                            "digitalSignaturesCompletedCount": 0,
                            "created": "2020-05-18T05:41:33",
                            "updated": "2020-05-18T08:27:17",
                            "status": "Canceled",
                            "idSource": "5ec2200df6421916a83708bf",
                            "name": "",
                            "parties": [
                                {
                                    "name": "PoT Beta",
                                    "@type": "Organization"
                                }
                            ],
                            "documents": [
                                {
                                    "name": "pohjapiirros.pdf",
                                    "@type": "Document"
                                }
                            ],
                            "digitalSignatures": []
                        }
                    ]
                }
            },
            "required": [
                "signing"
            ]
        },
        "signature": {
            "type": "object",
            "properties": {
                "type": {
                    "type": "string",
                    "default": "RsaSignature2018"
                },
                "created": {
                    "type": "string",
                    "default": "2020-06-08T12:43:05+03:00"
                },
                "creator": {
                    "type": "string",
                    "default": "https://localhost/translator/v1/public.key"
                },
                "signatureValue": {
                    "type": "string",
                    "default": "j0drrCpFqQo6H5qjjyYROxLXrrYdvVPLBG1Sx7fflnJEsudbd3b7Rv0xqH19ybeeAnNK15nqEdMgUupTOKhVZ1mtRt2zwF64MS5XTjr5qcWHN7b2gb69NPuxtDjZVaCu2Ki8DgPlwXgikXrcRtOBG8mmWTjk/BDjGRtRoZjIra7U8tsTDwJVcfmivK68tiNrV5QxTFSODXbtY27OsH7o1+ane8v3/fLV/I6wtv2aumefukCjsvkaGZw3wk4kvPuBYyPslMtdXX1SYVD0yCDrTQnbcUtWAOAG2x5FrexbOzUGBbRehIQ+qrgm+JD8JMipoTtPUM3IDe6igpbzYdJx34Nt7HxG7w9j/SJjyouKjRgLRHFR+LS7W5qnHm7XrGzMuE0jO0tPnsd1QxRyqzcXgj4O+Lhatdv/14+7NUXVqecduuB84TrBp2ae665TuiInEM61O0DSTVlEO1qKCli3W2kOLUb8tAkLiULhdMrQUBepx0Ry25PgjncRhr1uRfzSj9DtCYEdMGYt6vznLxd+gIt5U84FvslO1/dWgnG2NThxVYpVnTMUEPN+E6nYcfPLVJidOQK08MRtNycFjrk9E+uZBuO1BbYwQkOHG+yQht8FSDH5FKFxpEaTtYNQ6/zZuBviQ7DvkPNU8zYbQ2GsXYOIIHMo4Z7SuEN7jacmDrU="
                }
            },
            "required": [
                "created",
                "creator",
                "signatureValue",
                "type"
            ]
        }
    },
    "required": [
        "@context",
        "data",
        "signature"
    ]
}</msg>
<status status="PASS" starttime="20200608 12:43:05.408" endtime="20200608 12:43:05.433"></status>
</kw>
<status status="PASS" starttime="20200608 12:43:04.633" endtime="20200608 12:43:05.433"></status>
</kw>
<kw name="Integer" library="REST">
<tags>
<tag>assertions</tag>
</tags>
<doc>*Asserts the field as JSON integer.*</doc>
<arguments>
<arg>response status</arg>
<arg>200</arg>
</arguments>
<status status="PASS" starttime="20200608 12:43:05.433" endtime="20200608 12:43:05.434"></status>
</kw>
<kw name="String" library="REST">
<tags>
<tag>assertions</tag>
</tags>
<doc>*Asserts the field as JSON string.*</doc>
<arguments>
<arg>response body @context</arg>
<arg>https://standards-ontotest.oftrust.net/v2/Context/DataProductOutput/Document/Signing/SignSpace/</arg>
</arguments>
<status status="PASS" starttime="20200608 12:43:05.435" endtime="20200608 12:43:05.435"></status>
</kw>
<kw name="String" library="REST">
<tags>
<tag>assertions</tag>
</tags>
<doc>*Asserts the field as JSON string.*</doc>
<arguments>
<arg>response body data signing 0 url</arg>
<arg>https://signspace.beta.tilaajavastuu.fi/signing/5eda1409d5ca82017ea96a66</arg>
</arguments>
<status status="PASS" starttime="20200608 12:43:05.435" endtime="20200608 12:43:05.437"></status>
</kw>
<kw name="Number" library="REST">
<tags>
<tag>assertions</tag>
</tags>
<doc>*Asserts the field as JSON number.*</doc>
<arguments>
<arg>response body data signing 0 digitalSignaturesRequestedCount</arg>
<arg>1</arg>
</arguments>
<status status="PASS" starttime="20200608 12:43:05.437" endtime="20200608 12:43:05.438"></status>
</kw>
<kw name="Number" library="REST">
<tags>
<tag>assertions</tag>
</tags>
<doc>*Asserts the field as JSON number.*</doc>
<arguments>
<arg>response body data signing 0 digitalSignaturesCompletedCount</arg>
<arg>0</arg>
</arguments>
<status status="PASS" starttime="20200608 12:43:05.438" endtime="20200608 12:43:05.438"></status>
</kw>
<kw name="String" library="REST">
<tags>
<tag>assertions</tag>
</tags>
<doc>*Asserts the field as JSON string.*</doc>
<arguments>
<arg>response body data signing 0 created</arg>
<arg>2020-06-05T09:44:41</arg>
</arguments>
<status status="PASS" starttime="20200608 12:43:05.439" endtime="20200608 12:43:05.439"></status>
</kw>
<kw name="String" library="REST">
<tags>
<tag>assertions</tag>
</tags>
<doc>*Asserts the field as JSON string.*</doc>
<arguments>
<arg>response body data signing 0 updated</arg>
<arg>2020-06-05T09:55:42</arg>
</arguments>
<status status="PASS" starttime="20200608 12:43:05.439" endtime="20200608 12:43:05.440"></status>
</kw>
<kw name="String" library="REST">
<tags>
<tag>assertions</tag>
</tags>
<doc>*Asserts the field as JSON string.*</doc>
<arguments>
<arg>response body data signing 0 status</arg>
<arg>Canceled</arg>
</arguments>
<status status="PASS" starttime="20200608 12:43:05.440" endtime="20200608 12:43:05.441"></status>
</kw>
<kw name="String" library="REST">
<tags>
<tag>assertions</tag>
</tags>
<doc>*Asserts the field as JSON string.*</doc>
<arguments>
<arg>response body data signing 0 idSource</arg>
<arg>5eda1409d5ca82017ea96a66</arg>
</arguments>
<status status="PASS" starttime="20200608 12:43:05.441" endtime="20200608 12:43:05.442"></status>
</kw>
<kw name="String" library="REST">
<tags>
<tag>assertions</tag>
</tags>
<doc>*Asserts the field as JSON string.*</doc>
<arguments>
<arg>response body data signing 0 name</arg>
<arg>Test contract with tag</arg>
</arguments>
<status status="PASS" starttime="20200608 12:43:05.442" endtime="20200608 12:43:05.443"></status>
</kw>
<kw name="String" library="REST">
<tags>
<tag>assertions</tag>
</tags>
<doc>*Asserts the field as JSON string.*</doc>
<arguments>
<arg>response body data signing 0 parties 0 @type</arg>
<arg>Organization</arg>
</arguments>
<status status="PASS" starttime="20200608 12:43:05.443" endtime="20200608 12:43:05.443"></status>
</kw>
<kw name="String" library="REST">
<tags>
<tag>assertions</tag>
</tags>
<doc>*Asserts the field as JSON string.*</doc>
<arguments>
<arg>response body data signing 0 parties 0 name</arg>
<arg>PoT Beta</arg>
</arguments>
<status status="PASS" starttime="20200608 12:43:05.443" endtime="20200608 12:43:05.455"></status>
</kw>
<kw name="String" library="REST">
<tags>
<tag>assertions</tag>
</tags>
<doc>*Asserts the field as JSON string.*</doc>
<arguments>
<arg>response body data signing 0 parties 1 @type</arg>
<arg>Organization</arg>
</arguments>
<status status="PASS" starttime="20200608 12:43:05.455" endtime="20200608 12:43:05.456"></status>
</kw>
<kw name="String" library="REST">
<tags>
<tag>assertions</tag>
</tags>
<doc>*Asserts the field as JSON string.*</doc>
<arguments>
<arg>response body data signing 0 parties 1 name</arg>
<arg>PoT Beta</arg>
</arguments>
<status status="PASS" starttime="20200608 12:43:05.456" endtime="20200608 12:43:05.457"></status>
</kw>
<kw name="String" library="REST">
<tags>
<tag>assertions</tag>
</tags>
<doc>*Asserts the field as JSON string.*</doc>
<arguments>
<arg>response body data signing 0 documents 0 @type</arg>
<arg>Document</arg>
</arguments>
<status status="PASS" starttime="20200608 12:43:05.457" endtime="20200608 12:43:05.457"></status>
</kw>
<kw name="String" library="REST">
<tags>
<tag>assertions</tag>
</tags>
<doc>*Asserts the field as JSON string.*</doc>
<arguments>
<arg>response body data signing 0 documents 0 name</arg>
<arg>bar.png</arg>
</arguments>
<status status="PASS" starttime="20200608 12:43:05.458" endtime="20200608 12:43:05.458"></status>
</kw>
<kw name="Array" library="REST">
<tags>
<tag>assertions</tag>
</tags>
<doc>*Asserts the field as JSON array.*</doc>
<arguments>
<arg>response body data signing 0 digitalSignatures</arg>
<arg>maxItems=0</arg>
</arguments>
<status status="PASS" starttime="20200608 12:43:05.458" endtime="20200608 12:43:05.459"></status>
</kw>
<kw name="String" library="REST">
<tags>
<tag>assertions</tag>
</tags>
<doc>*Asserts the field as JSON string.*</doc>
<arguments>
<arg>response body data signing 1 url</arg>
<arg>https://signspace.beta.tilaajavastuu.fi/signing/5ed0a1b3588e433c01328ad8</arg>
</arguments>
<status status="PASS" starttime="20200608 12:43:05.459" endtime="20200608 12:43:05.460"></status>
</kw>
<kw name="Number" library="REST">
<tags>
<tag>assertions</tag>
</tags>
<doc>*Asserts the field as JSON number.*</doc>
<arguments>
<arg>response body data signing 1 digitalSignaturesRequestedCount</arg>
<arg>1</arg>
</arguments>
<status status="PASS" starttime="20200608 12:43:05.460" endtime="20200608 12:43:05.460"></status>
</kw>
<kw name="Number" library="REST">
<tags>
<tag>assertions</tag>
</tags>
<doc>*Asserts the field as JSON number.*</doc>
<arguments>
<arg>response body data signing 1 digitalSignaturesCompletedCount</arg>
<arg>0</arg>
</arguments>
<status status="PASS" starttime="20200608 12:43:05.461" endtime="20200608 12:43:05.461"></status>
</kw>
<kw name="String" library="REST">
<tags>
<tag>assertions</tag>
</tags>
<doc>*Asserts the field as JSON string.*</doc>
<arguments>
<arg>response body data signing 1 created</arg>
<arg>2020-05-29T05:46:27</arg>
</arguments>
<status status="PASS" starttime="20200608 12:43:05.461" endtime="20200608 12:43:05.462"></status>
</kw>
<kw name="String" library="REST">
<tags>
<tag>assertions</tag>
</tags>
<doc>*Asserts the field as JSON string.*</doc>
<arguments>
<arg>response body data signing 1 updated</arg>
<arg>2020-05-29T05:46:27</arg>
</arguments>
<status status="PASS" starttime="20200608 12:43:05.462" endtime="20200608 12:43:05.463"></status>
</kw>
<kw name="String" library="REST">
<tags>
<tag>assertions</tag>
</tags>
<doc>*Asserts the field as JSON string.*</doc>
<arguments>
<arg>response body data signing 1 status</arg>
<arg>Open</arg>
</arguments>
<status status="PASS" starttime="20200608 12:43:05.463" endtime="20200608 12:43:05.463"></status>
</kw>
<kw name="String" library="REST">
<tags>
<tag>assertions</tag>
</tags>
<doc>*Asserts the field as JSON string.*</doc>
<arguments>
<arg>response body data signing 1 idSource</arg>
<arg>5ed0a1b3588e433c01328ad8</arg>
</arguments>
<status status="PASS" starttime="20200608 12:43:05.463" endtime="20200608 12:43:05.464"></status>
</kw>
<kw name="String" library="REST">
<tags>
<tag>assertions</tag>
</tags>
<doc>*Asserts the field as JSON string.*</doc>
<arguments>
<arg>response body data signing 1 name</arg>
<arg>Test</arg>
</arguments>
<status status="PASS" starttime="20200608 12:43:05.464" endtime="20200608 12:43:05.465"></status>
</kw>
<kw name="String" library="REST">
<tags>
<tag>assertions</tag>
</tags>
<doc>*Asserts the field as JSON string.*</doc>
<arguments>
<arg>response body data signing 1 parties 0 @type</arg>
<arg>Organization</arg>
</arguments>
<status status="PASS" starttime="20200608 12:43:05.465" endtime="20200608 12:43:05.466"></status>
</kw>
<kw name="String" library="REST">
<tags>
<tag>assertions</tag>
</tags>
<doc>*Asserts the field as JSON string.*</doc>
<arguments>
<arg>response body data signing 1 parties 0 name</arg>
<arg>PoT Beta</arg>
</arguments>
<status status="PASS" starttime="20200608 12:43:05.466" endtime="20200608 12:43:05.466"></status>
</kw>
<kw name="String" library="REST">
<tags>
<tag>assertions</tag>
</tags>
<doc>*Asserts the field as JSON string.*</doc>
<arguments>
<arg>response body data signing 1 documents 0 @type</arg>
<arg>Document</arg>
</arguments>
<status status="PASS" starttime="20200608 12:43:05.467" endtime="20200608 12:43:05.467"></status>
</kw>
<kw name="String" library="REST">
<tags>
<tag>assertions</tag>
</tags>
<doc>*Asserts the field as JSON string.*</doc>
<arguments>
<arg>response body data signing 1 documents 0 name</arg>
<arg>resume.doc</arg>
</arguments>
<status status="PASS" starttime="20200608 12:43:05.467" endtime="20200608 12:43:05.468"></status>
</kw>
<kw name="Array" library="REST">
<tags>
<tag>assertions</tag>
</tags>
<doc>*Asserts the field as JSON array.*</doc>
<arguments>
<arg>response body data signing 1 digitalSignatures</arg>
<arg>maxItems=0</arg>
</arguments>
<status status="PASS" starttime="20200608 12:43:05.468" endtime="20200608 12:43:05.469"></status>
</kw>
<kw name="String" library="REST">
<tags>
<tag>assertions</tag>
</tags>
<doc>*Asserts the field as JSON string.*</doc>
<arguments>
<arg>response body data signing 2 url</arg>
<arg>https://signspace.beta.tilaajavastuu.fi/signing/5ec24715a73c170181da9767</arg>
</arguments>
<status status="PASS" starttime="20200608 12:43:05.469" endtime="20200608 12:43:05.470"></status>
</kw>
<kw name="Number" library="REST">
<tags>
<tag>assertions</tag>
</tags>
<doc>*Asserts the field as JSON number.*</doc>
<arguments>
<arg>response body data signing 2 digitalSignaturesRequestedCount</arg>
<arg>2</arg>
</arguments>
<status status="PASS" starttime="20200608 12:43:05.470" endtime="20200608 12:43:05.470"></status>
</kw>
<kw name="Number" library="REST">
<tags>
<tag>assertions</tag>
</tags>
<doc>*Asserts the field as JSON number.*</doc>
<arguments>
<arg>response body data signing 2 digitalSignaturesCompletedCount</arg>
<arg>1</arg>
</arguments>
<status status="PASS" starttime="20200608 12:43:05.470" endtime="20200608 12:43:05.471"></status>
</kw>
<kw name="String" library="REST">
<tags>
<tag>assertions</tag>
</tags>
<doc>*Asserts the field as JSON string.*</doc>
<arguments>
<arg>response body data signing 2 created</arg>
<arg>2020-05-18T08:28:05</arg>
</arguments>
<status status="PASS" starttime="20200608 12:43:05.471" endtime="20200608 12:43:05.472"></status>
</kw>
<kw name="String" library="REST">
<tags>
<tag>assertions</tag>
</tags>
<doc>*Asserts the field as JSON string.*</doc>
<arguments>
<arg>response body data signing 2 updated</arg>
<arg>2020-05-18T08:35:40</arg>
</arguments>
<status status="PASS" starttime="20200608 12:43:05.472" endtime="20200608 12:43:05.472"></status>
</kw>
<kw name="String" library="REST">
<tags>
<tag>assertions</tag>
</tags>
<doc>*Asserts the field as JSON string.*</doc>
<arguments>
<arg>response body data signing 2 status</arg>
<arg>In progress</arg>
</arguments>
<status status="PASS" starttime="20200608 12:43:05.473" endtime="20200608 12:43:05.473"></status>
</kw>
<kw name="String" library="REST">
<tags>
<tag>assertions</tag>
</tags>
<doc>*Asserts the field as JSON string.*</doc>
<arguments>
<arg>response body data signing 2 idSource</arg>
<arg>5ec24715a73c170181da9767</arg>
</arguments>
<status status="PASS" starttime="20200608 12:43:05.473" endtime="20200608 12:43:05.474"></status>
</kw>
<kw name="String" library="REST">
<tags>
<tag>assertions</tag>
</tags>
<doc>*Asserts the field as JSON string.*</doc>
<arguments>
<arg>response body data signing 2 name</arg>
<arg>ABC</arg>
</arguments>
<status status="PASS" starttime="20200608 12:43:05.474" endtime="20200608 12:43:05.475"></status>
</kw>
<kw name="String" library="REST">
<tags>
<tag>assertions</tag>
</tags>
<doc>*Asserts the field as JSON string.*</doc>
<arguments>
<arg>response body data signing 2 parties 0 @type</arg>
<arg>Organization</arg>
</arguments>
<status status="PASS" starttime="20200608 12:43:05.475" endtime="20200608 12:43:05.476"></status>
</kw>
<kw name="String" library="REST">
<tags>
<tag>assertions</tag>
</tags>
<doc>*Asserts the field as JSON string.*</doc>
<arguments>
<arg>response body data signing 2 parties 0 name</arg>
<arg>PoT Beta</arg>
</arguments>
<status status="PASS" starttime="20200608 12:43:05.476" endtime="20200608 12:43:05.477"></status>
</kw>
<kw name="String" library="REST">
<tags>
<tag>assertions</tag>
</tags>
<doc>*Asserts the field as JSON string.*</doc>
<arguments>
<arg>response body data signing 2 parties 1 @type</arg>
<arg>Organization</arg>
</arguments>
<status status="PASS" starttime="20200608 12:43:05.477" endtime="20200608 12:43:05.477"></status>
</kw>
<kw name="String" library="REST">
<tags>
<tag>assertions</tag>
</tags>
<doc>*Asserts the field as JSON string.*</doc>
<arguments>
<arg>response body data signing 2 parties 1 name</arg>
<arg>PoT Beta</arg>
</arguments>
<status status="PASS" starttime="20200608 12:43:05.478" endtime="20200608 12:43:05.478"></status>
</kw>
<kw name="String" library="REST">
<tags>
<tag>assertions</tag>
</tags>
<doc>*Asserts the field as JSON string.*</doc>
<arguments>
<arg>response body data signing 2 documents 0 @type</arg>
<arg>Document</arg>
</arguments>
<status status="PASS" starttime="20200608 12:43:05.478" endtime="20200608 12:43:05.479"></status>
</kw>
<kw name="String" library="REST">
<tags>
<tag>assertions</tag>
</tags>
<doc>*Asserts the field as JSON string.*</doc>
<arguments>
<arg>response body data signing 2 documents 0 name</arg>
<arg>the-fellowship-of-the-ring-j-r-r-tolkien.pdf</arg>
</arguments>
<status status="PASS" starttime="20200608 12:43:05.479" endtime="20200608 12:43:05.480"></status>
</kw>
<kw name="String" library="REST">
<tags>
<tag>assertions</tag>
</tags>
<doc>*Asserts the field as JSON string.*</doc>
<arguments>
<arg>response body data signing 2 digitalSignatures 0 @type</arg>
<arg>DigitalSignature</arg>
</arguments>
<status status="PASS" starttime="20200608 12:43:05.480" endtime="20200608 12:43:05.481"></status>
</kw>
<kw name="String" library="REST">
<tags>
<tag>assertions</tag>
</tags>
<doc>*Asserts the field as JSON string.*</doc>
<arguments>
<arg>response body data signing 2 digitalSignatures 0 executor</arg>
<arg>simeon.platonov@gmail.com</arg>
</arguments>
<status status="PASS" starttime="20200608 12:43:05.481" endtime="20200608 12:43:05.482"></status>
</kw>
<kw name="String" library="REST">
<tags>
<tag>assertions</tag>
</tags>
<doc>*Asserts the field as JSON string.*</doc>
<arguments>
<arg>response body data signing 2 digitalSignatures 0 timestamp</arg>
<arg>2020-05-18T08:35:40</arg>
</arguments>
<status status="PASS" starttime="20200608 12:43:05.482" endtime="20200608 12:43:05.483"></status>
</kw>
<kw name="String" library="REST">
<tags>
<tag>assertions</tag>
</tags>
<doc>*Asserts the field as JSON string.*</doc>
<arguments>
<arg>response body data signing 3 url</arg>
<arg>https://signspace.beta.tilaajavastuu.fi/signing/5ec2200df6421916a83708bf</arg>
</arguments>
<status status="PASS" starttime="20200608 12:43:05.483" endtime="20200608 12:43:05.484"></status>
</kw>
<kw name="Number" library="REST">
<tags>
<tag>assertions</tag>
</tags>
<doc>*Asserts the field as JSON number.*</doc>
<arguments>
<arg>response body data signing 3 digitalSignaturesRequestedCount</arg>
<arg>1</arg>
</arguments>
<status status="PASS" starttime="20200608 12:43:05.484" endtime="20200608 12:43:05.485"></status>
</kw>
<kw name="Number" library="REST">
<tags>
<tag>assertions</tag>
</tags>
<doc>*Asserts the field as JSON number.*</doc>
<arguments>
<arg>response body data signing 3 digitalSignaturesCompletedCount</arg>
<arg>0</arg>
</arguments>
<status status="PASS" starttime="20200608 12:43:05.485" endtime="20200608 12:43:05.486"></status>
</kw>
<kw name="String" library="REST">
<tags>
<tag>assertions</tag>
</tags>
<doc>*Asserts the field as JSON string.*</doc>
<arguments>
<arg>response body data signing 3 created</arg>
<arg>2020-05-18T05:41:33</arg>
</arguments>
<status status="PASS" starttime="20200608 12:43:05.486" endtime="20200608 12:43:05.487"></status>
</kw>
<kw name="String" library="REST">
<tags>
<tag>assertions</tag>
</tags>
<doc>*Asserts the field as JSON string.*</doc>
<arguments>
<arg>response body data signing 3 updated</arg>
<arg>2020-05-18T08:27:17</arg>
</arguments>
<status status="PASS" starttime="20200608 12:43:05.487" endtime="20200608 12:43:05.487"></status>
</kw>
<kw name="String" library="REST">
<tags>
<tag>assertions</tag>
</tags>
<doc>*Asserts the field as JSON string.*</doc>
<arguments>
<arg>response body data signing 3 status</arg>
<arg>Canceled</arg>
</arguments>
<status status="PASS" starttime="20200608 12:43:05.487" endtime="20200608 12:43:05.488"></status>
</kw>
<kw name="String" library="REST">
<tags>
<tag>assertions</tag>
</tags>
<doc>*Asserts the field as JSON string.*</doc>
<arguments>
<arg>response body data signing 3 idSource</arg>
<arg>5ec2200df6421916a83708bf</arg>
</arguments>
<status status="PASS" starttime="20200608 12:43:05.488" endtime="20200608 12:43:05.489"></status>
</kw>
<kw name="String" library="REST">
<tags>
<tag>assertions</tag>
</tags>
<doc>*Asserts the field as JSON string.*</doc>
<arguments>
<arg>response body data signing 3 name</arg>
</arguments>
<status status="PASS" starttime="20200608 12:43:05.489" endtime="20200608 12:43:05.489"></status>
</kw>
<kw name="String" library="REST">
<tags>
<tag>assertions</tag>
</tags>
<doc>*Asserts the field as JSON string.*</doc>
<arguments>
<arg>response body data signing 3 parties 0 @type</arg>
<arg>Organization</arg>
</arguments>
<status status="PASS" starttime="20200608 12:43:05.489" endtime="20200608 12:43:05.490"></status>
</kw>
<kw name="String" library="REST">
<tags>
<tag>assertions</tag>
</tags>
<doc>*Asserts the field as JSON string.*</doc>
<arguments>
<arg>response body data signing 3 parties 0 name</arg>
<arg>PoT Beta</arg>
</arguments>
<status status="PASS" starttime="20200608 12:43:05.490" endtime="20200608 12:43:05.491"></status>
</kw>
<kw name="String" library="REST">
<tags>
<tag>assertions</tag>
</tags>
<doc>*Asserts the field as JSON string.*</doc>
<arguments>
<arg>response body data signing 3 documents 0 @type</arg>
<arg>Document</arg>
</arguments>
<status status="PASS" starttime="20200608 12:43:05.491" endtime="20200608 12:43:05.492"></status>
</kw>
<kw name="String" library="REST">
<tags>
<tag>assertions</tag>
</tags>
<doc>*Asserts the field as JSON string.*</doc>
<arguments>
<arg>response body data signing 3 documents 0 name</arg>
<arg>pohjapiirros.pdf</arg>
</arguments>
<status status="PASS" starttime="20200608 12:43:05.492" endtime="20200608 12:43:05.492"></status>
</kw>
<status status="PASS" starttime="20200608 12:43:04.630" endtime="20200608 12:43:05.492" critical="yes"></status>
</test>
<test id="s1-t2" name="fetch, 422, Missing data for parameters required field">
<kw name="Get Body">
<assign>
<var>${body}</var>
</assign>
<kw name="Copy Dictionary" library="Collections">
<doc>Returns a copy of the given dictionary.</doc>
<arguments>
<arg>${BROKER_BODY}</arg>
<arg>deepcopy=True</arg>
</arguments>
<assign>
<var>${body}</var>
</assign>
<msg timestamp="20200608 12:43:05.493" level="INFO">${body} = {'timestamp': '2018-11-01T12:00:00+00:00', 'parameters': {'idOfficial': '3042282-9', 'country': 'fi', 'status': ['Canceled', 'In Progress', 'Open'], 'limit': '5', 'offset': '0', 'queryText': '', 'filt...</msg>
<status status="PASS" starttime="20200608 12:43:05.493" endtime="20200608 12:43:05.494"></status>
</kw>
<kw name="Get Current Date" library="DateTime">
<doc>Returns current local or UTC time with an optional increment.</doc>
<arguments>
<arg>time_zone=UTC</arg>
<arg>result_format=%Y-%m-%dT%H:%M:%S+00:00</arg>
</arguments>
<assign>
<var>${now}</var>
</assign>
<msg timestamp="20200608 12:43:05.494" level="INFO">${now} = 2020-06-08T09:43:05+00:00</msg>
<status status="PASS" starttime="20200608 12:43:05.494" endtime="20200608 12:43:05.494"></status>
</kw>
<kw name="Set To Dictionary" library="Collections">
<doc>Adds the given ``key_value_pairs`` and ``items`` to the ``dictionary``.</doc>
<arguments>
<arg>${body}</arg>
<arg>timestamp</arg>
<arg>${now}</arg>
</arguments>
<status status="PASS" starttime="20200608 12:43:05.494" endtime="20200608 12:43:05.494"></status>
</kw>
<kw name="Set To Dictionary" library="Collections">
<doc>Adds the given ``key_value_pairs`` and ``items`` to the ``dictionary``.</doc>
<arguments>
<arg>${body}</arg>
<arg>&amp;{kwargs}</arg>
</arguments>
<status status="PASS" starttime="20200608 12:43:05.494" endtime="20200608 12:43:05.494"></status>
</kw>
<kw name="Evaluate" library="BuiltIn">
<doc>Evaluates the given expression in Python and returns the results.</doc>
<arguments>
<arg>json.dumps(${body})</arg>
<arg>json</arg>
</arguments>
<assign>
<var>${json_string}</var>
</assign>
<msg timestamp="20200608 12:43:05.495" level="INFO">${json_string} = {"timestamp": "2020-06-08T09:43:05+00:00", "parameters": {"idOfficial": "3042282-9", "country": "fi", "status": ["Canceled", "In Progress", "Open"], "limit": "5", "offset": "0", "queryText": "", "filt...</msg>
<status status="PASS" starttime="20200608 12:43:05.494" endtime="20200608 12:43:05.495"></status>
</kw>
<msg timestamp="20200608 12:43:05.495" level="INFO">${body} = {"timestamp": "2020-06-08T09:43:05+00:00", "parameters": {"idOfficial": "3042282-9", "country": "fi", "status": ["Canceled", "In Progress", "Open"], "limit": "5", "offset": "0", "queryText": "", "filt...</msg>
<status status="PASS" starttime="20200608 12:43:05.493" endtime="20200608 12:43:05.495"></status>
</kw>
<kw name="Evaluate" library="BuiltIn">
<doc>Evaluates the given expression in Python and returns the results.</doc>
<arguments>
<arg>json.loads('''${body}''')</arg>
<arg>json</arg>
</arguments>
<assign>
<var>${body}</var>
</assign>
<msg timestamp="20200608 12:43:05.495" level="INFO">${body} = {'timestamp': '2020-06-08T09:43:05+00:00', 'parameters': {'idOfficial': '3042282-9', 'country': 'fi', 'status': ['Canceled', 'In Progress', 'Open'], 'limit': '5', 'offset': '0', 'queryText': '', 'filt...</msg>
<status status="PASS" starttime="20200608 12:43:05.495" endtime="20200608 12:43:05.495"></status>
</kw>
<kw name="Pop From Dictionary" library="Collections">
<doc>Pops the given ``key`` from the ``dictionary`` and returns its value.</doc>
<arguments>
<arg>${body}</arg>
<arg>parameters</arg>
</arguments>
<status status="PASS" starttime="20200608 12:43:05.496" endtime="20200608 12:43:05.496"></status>
</kw>
<kw name="Fetch Data Product">
<arguments>
<arg>${body}</arg>
</arguments>
<kw name="Calculate Pot Signature" library="PoTLib">
<arguments>
<arg>${body}</arg>
<arg>${CLIENT_SECRET}</arg>
</arguments>
<assign>
<var>${signature}</var>
</assign>
<msg timestamp="20200608 12:43:05.496" level="INFO">JxSHux+FgElV/s/OD+b+ZgiGf6w5ZyqATMDLUMezupU=</msg>
<msg timestamp="20200608 12:43:05.496" level="INFO">${signature} = JxSHux+FgElV/s/OD+b+ZgiGf6w5ZyqATMDLUMezupU=</msg>
<status status="PASS" starttime="20200608 12:43:05.496" endtime="20200608 12:43:05.496"></status>
</kw>
<kw name="Set Headers" library="REST">
<tags>
<tag>settings</tag>
</tags>
<doc>*Sets new request headers or updates the existing.*</doc>
<arguments>
<arg>{"x-pot-signature": "${signature}", "x-app-token": "${APP_TOKEN}"}</arg>
</arguments>
<status status="PASS" starttime="20200608 12:43:05.496" endtime="20200608 12:43:05.497"></status>
</kw>
<kw name="Post" library="REST">
<tags>
<tag>http</tag>
</tags>
<doc>*Sends a POST request to the endpoint.*</doc>
<arguments>
<arg>/translator/v1/fetch</arg>
<arg>${body}</arg>
</arguments>
<status status="PASS" starttime="20200608 12:43:05.497" endtime="20200608 12:43:05.501"></status>
</kw>
<kw name="Output Schema" library="REST">
<tags>
<tag>I/O</tag>
</tags>
<doc>*Outputs JSON Schema to terminal or a file.*</doc>
<arguments>
<arg>response body</arg>
</arguments>
<msg timestamp="20200608 12:43:05.502" level="INFO">
{
    "type": "object",
    "properties": {
        "error": {
            "type": "object",
            "properties": {
                "status": {
                    "type": "integer",
                    "default": 422
                },
                "message": {
                    "type": "object",
                    "properties": {
                        "parameters": {
                            "type": "array",
                            "items": {
                                "type": "string"
                            },
                            "default": [
                                "Missing data for required field."
                            ]
                        },
                        "parameters.idOfficial": {
                            "type": "array",
                            "items": {
                                "type": "string"
                            },
                            "default": [
                                "Missing data for required field."
                            ]
                        },
                        "parameters.country": {
                            "type": "array",
                            "items": {
                                "type": "string"
                            },
                            "default": [
                                "Missing data for required field."
                            ]
                        }
                    },
                    "required": [
                        "parameters",
                        "parameters.country",
                        "parameters.idOfficial"
                    ]
                }
            },
            "required": [
                "message",
                "status"
            ]
        }
    },
    "required": [
        "error"
    ]
}</msg>
<status status="PASS" starttime="20200608 12:43:05.501" endtime="20200608 12:43:05.503"></status>
</kw>
<status status="PASS" starttime="20200608 12:43:05.496" endtime="20200608 12:43:05.503"></status>
</kw>
<kw name="Integer" library="REST">
<tags>
<tag>assertions</tag>
</tags>
<doc>*Asserts the field as JSON integer.*</doc>
<arguments>
<arg>response status</arg>
<arg>422</arg>
</arguments>
<status status="PASS" starttime="20200608 12:43:05.503" endtime="20200608 12:43:05.503"></status>
</kw>
<kw name="Integer" library="REST">
<tags>
<tag>assertions</tag>
</tags>
<doc>*Asserts the field as JSON integer.*</doc>
<arguments>
<arg>response body error status</arg>
<arg>422</arg>
</arguments>
<status status="PASS" starttime="20200608 12:43:05.504" endtime="20200608 12:43:05.504"></status>
</kw>
<kw name="String" library="REST">
<tags>
<tag>assertions</tag>
</tags>
<doc>*Asserts the field as JSON string.*</doc>
<arguments>
<arg>response body error message parameters.idOfficial 0</arg>
<arg>Missing data for required field.</arg>
</arguments>
<status status="PASS" starttime="20200608 12:43:05.504" endtime="20200608 12:43:05.504"></status>
</kw>
<kw name="String" library="REST">
<tags>
<tag>assertions</tag>
</tags>
<doc>*Asserts the field as JSON string.*</doc>
<arguments>
<arg>response body error message parameters.country 0</arg>
<arg>Missing data for required field.</arg>
</arguments>
<status status="PASS" starttime="20200608 12:43:05.505" endtime="20200608 12:43:05.505"></status>
</kw>
<status status="PASS" starttime="20200608 12:43:05.493" endtime="20200608 12:43:05.505" critical="yes"></status>
</test>
<test id="s1-t3" name="fetch, 422, filter as string =&gt; Not a valid list">
<kw name="Get Body">
<assign>
<var>${body}</var>
</assign>
<kw name="Copy Dictionary" library="Collections">
<doc>Returns a copy of the given dictionary.</doc>
<arguments>
<arg>${BROKER_BODY}</arg>
<arg>deepcopy=True</arg>
</arguments>
<assign>
<var>${body}</var>
</assign>
<msg timestamp="20200608 12:43:05.506" level="INFO">${body} = {'timestamp': '2018-11-01T12:00:00+00:00', 'parameters': {'idOfficial': '3042282-9', 'country': 'fi', 'status': ['Canceled', 'In Progress', 'Open'], 'limit': '5', 'offset': '0', 'queryText': '', 'filt...</msg>
<status status="PASS" starttime="20200608 12:43:05.506" endtime="20200608 12:43:05.506"></status>
</kw>
<kw name="Get Current Date" library="DateTime">
<doc>Returns current local or UTC time with an optional increment.</doc>
<arguments>
<arg>time_zone=UTC</arg>
<arg>result_format=%Y-%m-%dT%H:%M:%S+00:00</arg>
</arguments>
<assign>
<var>${now}</var>
</assign>
<msg timestamp="20200608 12:43:05.506" level="INFO">${now} = 2020-06-08T09:43:05+00:00</msg>
<status status="PASS" starttime="20200608 12:43:05.506" endtime="20200608 12:43:05.506"></status>
</kw>
<kw name="Set To Dictionary" library="Collections">
<doc>Adds the given ``key_value_pairs`` and ``items`` to the ``dictionary``.</doc>
<arguments>
<arg>${body}</arg>
<arg>timestamp</arg>
<arg>${now}</arg>
</arguments>
<status status="PASS" starttime="20200608 12:43:05.507" endtime="20200608 12:43:05.507"></status>
</kw>
<kw name="Set To Dictionary" library="Collections">
<doc>Adds the given ``key_value_pairs`` and ``items`` to the ``dictionary``.</doc>
<arguments>
<arg>${body}</arg>
<arg>&amp;{kwargs}</arg>
</arguments>
<status status="PASS" starttime="20200608 12:43:05.507" endtime="20200608 12:43:05.507"></status>
</kw>
<kw name="Evaluate" library="BuiltIn">
<doc>Evaluates the given expression in Python and returns the results.</doc>
<arguments>
<arg>json.dumps(${body})</arg>
<arg>json</arg>
</arguments>
<assign>
<var>${json_string}</var>
</assign>
<msg timestamp="20200608 12:43:05.507" level="INFO">${json_string} = {"timestamp": "2020-06-08T09:43:05+00:00", "parameters": {"idOfficial": "3042282-9", "country": "fi", "status": ["Canceled", "In Progress", "Open"], "limit": "5", "offset": "0", "queryText": "", "filt...</msg>
<status status="PASS" starttime="20200608 12:43:05.507" endtime="20200608 12:43:05.507"></status>
</kw>
<msg timestamp="20200608 12:43:05.508" level="INFO">${body} = {"timestamp": "2020-06-08T09:43:05+00:00", "parameters": {"idOfficial": "3042282-9", "country": "fi", "status": ["Canceled", "In Progress", "Open"], "limit": "5", "offset": "0", "queryText": "", "filt...</msg>
<status status="PASS" starttime="20200608 12:43:05.506" endtime="20200608 12:43:05.508"></status>
</kw>
<kw name="Evaluate" library="BuiltIn">
<doc>Evaluates the given expression in Python and returns the results.</doc>
<arguments>
<arg>json.loads('''${body}''')</arg>
<arg>json</arg>
</arguments>
<assign>
<var>${body}</var>
</assign>
<msg timestamp="20200608 12:43:05.508" level="INFO">${body} = {'timestamp': '2020-06-08T09:43:05+00:00', 'parameters': {'idOfficial': '3042282-9', 'country': 'fi', 'status': ['Canceled', 'In Progress', 'Open'], 'limit': '5', 'offset': '0', 'queryText': '', 'filt...</msg>
<status status="PASS" starttime="20200608 12:43:05.508" endtime="20200608 12:43:05.508"></status>
</kw>
<kw name="Set To Dictionary" library="Collections">
<doc>Adds the given ``key_value_pairs`` and ``items`` to the ``dictionary``.</doc>
<arguments>
<arg>${body["parameters"]}</arg>
<arg>filter="new"</arg>
</arguments>
<status status="PASS" starttime="20200608 12:43:05.508" endtime="20200608 12:43:05.509"></status>
</kw>
<kw name="Fetch Data Product">
<arguments>
<arg>${body}</arg>
</arguments>
<kw name="Calculate Pot Signature" library="PoTLib">
<arguments>
<arg>${body}</arg>
<arg>${CLIENT_SECRET}</arg>
</arguments>
<assign>
<var>${signature}</var>
</assign>
<msg timestamp="20200608 12:43:05.509" level="INFO">XUaG8TnM6/YYMV4TMrKophphQCUyWPW1Vhy7CKzGu78=</msg>
<msg timestamp="20200608 12:43:05.509" level="INFO">${signature} = XUaG8TnM6/YYMV4TMrKophphQCUyWPW1Vhy7CKzGu78=</msg>
<status status="PASS" starttime="20200608 12:43:05.509" endtime="20200608 12:43:05.509"></status>
</kw>
<kw name="Set Headers" library="REST">
<tags>
<tag>settings</tag>
</tags>
<doc>*Sets new request headers or updates the existing.*</doc>
<arguments>
<arg>{"x-pot-signature": "${signature}", "x-app-token": "${APP_TOKEN}"}</arg>
</arguments>
<status status="PASS" starttime="20200608 12:43:05.510" endtime="20200608 12:43:05.510"></status>
</kw>
<kw name="Post" library="REST">
<tags>
<tag>http</tag>
</tags>
<doc>*Sends a POST request to the endpoint.*</doc>
<arguments>
<arg>/translator/v1/fetch</arg>
<arg>${body}</arg>
</arguments>
<status status="PASS" starttime="20200608 12:43:05.510" endtime="20200608 12:43:05.563"></status>
</kw>
<kw name="Output Schema" library="REST">
<tags>
<tag>I/O</tag>
</tags>
<doc>*Outputs JSON Schema to terminal or a file.*</doc>
<arguments>
<arg>response body</arg>
</arguments>
<msg timestamp="20200608 12:43:05.564" level="INFO">
{
    "type": "object",
    "properties": {
        "error": {
            "type": "object",
            "properties": {
                "status": {
                    "type": "integer",
                    "default": 422
                },
                "message": {
                    "type": "string",
                    "default": "Filter must be an Array"
                }
            },
            "required": [
                "message",
                "status"
            ]
        }
    },
    "required": [
        "error"
    ]
}</msg>
<status status="PASS" starttime="20200608 12:43:05.564" endtime="20200608 12:43:05.565"></status>
</kw>
<status status="PASS" starttime="20200608 12:43:05.509" endtime="20200608 12:43:05.565"></status>
</kw>
<kw name="Integer" library="REST">
<tags>
<tag>assertions</tag>
</tags>
<doc>*Asserts the field as JSON integer.*</doc>
<arguments>
<arg>response status</arg>
<arg>422</arg>
</arguments>
<status status="PASS" starttime="20200608 12:43:05.565" endtime="20200608 12:43:05.566"></status>
</kw>
<kw name="Integer" library="REST">
<tags>
<tag>assertions</tag>
</tags>
<doc>*Asserts the field as JSON integer.*</doc>
<arguments>
<arg>response body error status</arg>
<arg>422</arg>
</arguments>
<status status="PASS" starttime="20200608 12:43:05.566" endtime="20200608 12:43:05.566"></status>
</kw>
<kw name="String" library="REST">
<tags>
<tag>assertions</tag>
</tags>
<doc>*Asserts the field as JSON string.*</doc>
<arguments>
<arg>response body error message</arg>
<arg>Filter must be an Array</arg>
</arguments>
<status status="PASS" starttime="20200608 12:43:05.567" endtime="20200608 12:43:05.567"></status>
</kw>
<status status="PASS" starttime="20200608 12:43:05.505" endtime="20200608 12:43:05.567" critical="yes"></status>
</test>
<test id="s1-t4" name="fetch, 200, status as empty list =&gt; Returns all statuses">
<kw name="Get Body">
<assign>
<var>${body}</var>
</assign>
<kw name="Copy Dictionary" library="Collections">
<doc>Returns a copy of the given dictionary.</doc>
<arguments>
<arg>${BROKER_BODY}</arg>
<arg>deepcopy=True</arg>
</arguments>
<assign>
<var>${body}</var>
</assign>
<msg timestamp="20200608 12:43:05.569" level="INFO">${body} = {'timestamp': '2018-11-01T12:00:00+00:00', 'parameters': {'idOfficial': '3042282-9', 'country': 'fi', 'status': ['Canceled', 'In Progress', 'Open'], 'limit': '5', 'offset': '0', 'queryText': '', 'filt...</msg>
<status status="PASS" starttime="20200608 12:43:05.568" endtime="20200608 12:43:05.569"></status>
</kw>
<kw name="Get Current Date" library="DateTime">
<doc>Returns current local or UTC time with an optional increment.</doc>
<arguments>
<arg>time_zone=UTC</arg>
<arg>result_format=%Y-%m-%dT%H:%M:%S+00:00</arg>
</arguments>
<assign>
<var>${now}</var>
</assign>
<msg timestamp="20200608 12:43:05.569" level="INFO">${now} = 2020-06-08T09:43:05+00:00</msg>
<status status="PASS" starttime="20200608 12:43:05.569" endtime="20200608 12:43:05.569"></status>
</kw>
<kw name="Set To Dictionary" library="Collections">
<doc>Adds the given ``key_value_pairs`` and ``items`` to the ``dictionary``.</doc>
<arguments>
<arg>${body}</arg>
<arg>timestamp</arg>
<arg>${now}</arg>
</arguments>
<status status="PASS" starttime="20200608 12:43:05.569" endtime="20200608 12:43:05.570"></status>
</kw>
<kw name="Set To Dictionary" library="Collections">
<doc>Adds the given ``key_value_pairs`` and ``items`` to the ``dictionary``.</doc>
<arguments>
<arg>${body}</arg>
<arg>&amp;{kwargs}</arg>
</arguments>
<status status="PASS" starttime="20200608 12:43:05.570" endtime="20200608 12:43:05.570"></status>
</kw>
<kw name="Evaluate" library="BuiltIn">
<doc>Evaluates the given expression in Python and returns the results.</doc>
<arguments>
<arg>json.dumps(${body})</arg>
<arg>json</arg>
</arguments>
<assign>
<var>${json_string}</var>
</assign>
<msg timestamp="20200608 12:43:05.571" level="INFO">${json_string} = {"timestamp": "2020-06-08T09:43:05+00:00", "parameters": {"idOfficial": "3042282-9", "country": "fi", "status": ["Canceled", "In Progress", "Open"], "limit": "5", "offset": "0", "queryText": "", "filt...</msg>
<status status="PASS" starttime="20200608 12:43:05.570" endtime="20200608 12:43:05.571"></status>
</kw>
<msg timestamp="20200608 12:43:05.571" level="INFO">${body} = {"timestamp": "2020-06-08T09:43:05+00:00", "parameters": {"idOfficial": "3042282-9", "country": "fi", "status": ["Canceled", "In Progress", "Open"], "limit": "5", "offset": "0", "queryText": "", "filt...</msg>
<status status="PASS" starttime="20200608 12:43:05.568" endtime="20200608 12:43:05.571"></status>
</kw>
<kw name="Evaluate" library="BuiltIn">
<doc>Evaluates the given expression in Python and returns the results.</doc>
<arguments>
<arg>json.loads('''${body}''')</arg>
<arg>json</arg>
</arguments>
<assign>
<var>${body}</var>
</assign>
<msg timestamp="20200608 12:43:05.571" level="INFO">${body} = {'timestamp': '2020-06-08T09:43:05+00:00', 'parameters': {'idOfficial': '3042282-9', 'country': 'fi', 'status': ['Canceled', 'In Progress', 'Open'], 'limit': '5', 'offset': '0', 'queryText': '', 'filt...</msg>
<status status="PASS" starttime="20200608 12:43:05.571" endtime="20200608 12:43:05.571"></status>
</kw>
<kw name="Create List" library="BuiltIn">
<doc>Returns a list containing given items.</doc>
<arguments>
<arg>${EMPTY}</arg>
</arguments>
<assign>
<var>${EMPTY_LIST}</var>
</assign>
<msg timestamp="20200608 12:43:05.572" level="INFO">${EMPTY_LIST} = ['']</msg>
<status status="PASS" starttime="20200608 12:43:05.571" endtime="20200608 12:43:05.572"></status>
</kw>
<kw name="Set To Dictionary" library="Collections">
<doc>Adds the given ``key_value_pairs`` and ``items`` to the ``dictionary``.</doc>
<arguments>
<arg>${body["parameters"]}</arg>
<arg>status=${EMPTY_LIST}</arg>
</arguments>
<status status="PASS" starttime="20200608 12:43:05.572" endtime="20200608 12:43:05.572"></status>
</kw>
<kw name="Evaluate" library="BuiltIn">
<doc>Evaluates the given expression in Python and returns the results.</doc>
<arguments>
<arg>json.dumps(${body})</arg>
<arg>json</arg>
</arguments>
<assign>
<var>${body}</var>
</assign>
<msg timestamp="20200608 12:43:05.573" level="INFO">${body} = {"timestamp": "2020-06-08T09:43:05+00:00", "parameters": {"idOfficial": "3042282-9", "country": "fi", "status": [""], "limit": "5", "offset": "0", "queryText": "", "filter": []}}</msg>
<status status="PASS" starttime="20200608 12:43:05.572" endtime="20200608 12:43:05.573"></status>
</kw>
<kw name="Fetch Data Product">
<arguments>
<arg>${body}</arg>
</arguments>
<kw name="Calculate Pot Signature" library="PoTLib">
<arguments>
<arg>${body}</arg>
<arg>${CLIENT_SECRET}</arg>
</arguments>
<assign>
<var>${signature}</var>
</assign>
<msg timestamp="20200608 12:43:05.574" level="INFO">KFXj5FC9WoGZjbF5LtLoMBiD0eyNcBtkO9MS4xVPehE=</msg>
<msg timestamp="20200608 12:43:05.574" level="INFO">${signature} = KFXj5FC9WoGZjbF5LtLoMBiD0eyNcBtkO9MS4xVPehE=</msg>
<status status="PASS" starttime="20200608 12:43:05.573" endtime="20200608 12:43:05.574"></status>
</kw>
<kw name="Set Headers" library="REST">
<tags>
<tag>settings</tag>
</tags>
<doc>*Sets new request headers or updates the existing.*</doc>
<arguments>
<arg>{"x-pot-signature": "${signature}", "x-app-token": "${APP_TOKEN}"}</arg>
</arguments>
<status status="PASS" starttime="20200608 12:43:05.574" endtime="20200608 12:43:05.574"></status>
</kw>
<kw name="Post" library="REST">
<tags>
<tag>http</tag>
</tags>
<doc>*Sends a POST request to the endpoint.*</doc>
<arguments>
<arg>/translator/v1/fetch</arg>
<arg>${body}</arg>
</arguments>
<status status="PASS" starttime="20200608 12:43:05.574" endtime="20200608 12:43:06.216"></status>
</kw>
<kw name="Output Schema" library="REST">
<tags>
<tag>I/O</tag>
</tags>
<doc>*Outputs JSON Schema to terminal or a file.*</doc>
<arguments>
<arg>response body</arg>
</arguments>
<msg timestamp="20200608 12:43:06.217" level="INFO">
{
    "type": "object",
    "properties": {
        "@context": {
            "type": "string",
            "default": "https://standards-ontotest.oftrust.net/v2/Context/DataProductOutput/Document/Signing/SignSpace/"
        },
        "data": {
            "type": "object",
            "properties": {
                "signing": {
                    "type": "array",
                    "default": []
                }
            },
            "required": [
                "signing"
            ]
        },
        "signature": {
            "type": "object",
            "properties": {
                "type": {
                    "type": "string",
                    "default": "RsaSignature2018"
                },
                "created": {
                    "type": "string",
                    "default": "2020-06-08T12:43:06+03:00"
                },
                "creator": {
                    "type": "string",
                    "default": "https://localhost/translator/v1/public.key"
                },
                "signatureValue": {
                    "type": "string",
                    "default": "shkMbqocjqzJ729JCFAixKiH5rfwEzBwoblHzXAw2QycAKu+0LVhMUBa9cI1fAc+iNtNmT6mG/ZTbAxKFamRBMI1uvfQgYhfKAX9cDh+rdIb8Tclt759bkIVkTtmK3xD/YUc41PyprtqRyQPEjE4IATp+QqE1qQUgVFwaWzHeKAEPbJNHKOJ1JQhZuqr44Ie4kbL4qQ1F3rshIIs34IHGPDKgRuMT/6ePmTJDTtmW+6y5Gj2y9jV8E8UQApQQZxV+FRsRPc7AIniYsfXskd2KXpat/OSYJ/jtTFhyumeUoLIJs3ZthTOlRpfcNRU4hdcdXOYfhKmgER1+2+yc6MlNbxzW5TWCbCJZuvDocmbe4WMwiG3TeS5zSLONVCWbZD/90JhpB6jwqbJ78Yl5GiG++GzfMh04YWheIIiU/HfHsYSnQrjp6ubfDSdxjwyPZimOi0m9TnMMuQnVlUyKbVMVg+zJjLqSzXlLLFkd0fLnWauerKthATxZ2Scjjtq2DoTyTyonzl6oen5c8Uy9j88xlb1sjtBy4Qo3r1HySpscfIZg+AOXWInaBN793ehZvUoKx9rdSboOI47Font9Rmtiyujg1TrmOhUhPhKpGUJu/mekOcCs0NZPH1lbetwh9Fran/D2pAi93yhvnGWHdf/0QRT5siWFmJ5kVKDzioAk+k="
                }
            },
            "required": [
                "created",
                "creator",
                "signatureValue",
                "type"
            ]
        }
    },
    "required": [
        "@context",
        "data",
        "signature"
    ]
}</msg>
<status status="PASS" starttime="20200608 12:43:06.217" endtime="20200608 12:43:06.219"></status>
</kw>
<status status="PASS" starttime="20200608 12:43:05.573" endtime="20200608 12:43:06.219"></status>
</kw>
<kw name="Integer" library="REST">
<tags>
<tag>assertions</tag>
</tags>
<doc>*Asserts the field as JSON integer.*</doc>
<arguments>
<arg>response status</arg>
<arg>200</arg>
</arguments>
<status status="PASS" starttime="20200608 12:43:06.219" endtime="20200608 12:43:06.220"></status>
</kw>
<status status="PASS" starttime="20200608 12:43:05.567" endtime="20200608 12:43:06.220" critical="yes"></status>
</test>
<test id="s1-t5" name="fetch, 422, limit as 0 =&gt; Not an actual limiting Number">
<kw name="Get Body">
<assign>
<var>${body}</var>
</assign>
<kw name="Copy Dictionary" library="Collections">
<doc>Returns a copy of the given dictionary.</doc>
<arguments>
<arg>${BROKER_BODY}</arg>
<arg>deepcopy=True</arg>
</arguments>
<assign>
<var>${body}</var>
</assign>
<msg timestamp="20200608 12:43:06.222" level="INFO">${body} = {'timestamp': '2018-11-01T12:00:00+00:00', 'parameters': {'idOfficial': '3042282-9', 'country': 'fi', 'status': ['Canceled', 'In Progress', 'Open'], 'limit': '5', 'offset': '0', 'queryText': '', 'filt...</msg>
<status status="PASS" starttime="20200608 12:43:06.221" endtime="20200608 12:43:06.222"></status>
</kw>
<kw name="Get Current Date" library="DateTime">
<doc>Returns current local or UTC time with an optional increment.</doc>
<arguments>
<arg>time_zone=UTC</arg>
<arg>result_format=%Y-%m-%dT%H:%M:%S+00:00</arg>
</arguments>
<assign>
<var>${now}</var>
</assign>
<msg timestamp="20200608 12:43:06.222" level="INFO">${now} = 2020-06-08T09:43:06+00:00</msg>
<status status="PASS" starttime="20200608 12:43:06.222" endtime="20200608 12:43:06.222"></status>
</kw>
<kw name="Set To Dictionary" library="Collections">
<doc>Adds the given ``key_value_pairs`` and ``items`` to the ``dictionary``.</doc>
<arguments>
<arg>${body}</arg>
<arg>timestamp</arg>
<arg>${now}</arg>
</arguments>
<status status="PASS" starttime="20200608 12:43:06.222" endtime="20200608 12:43:06.223"></status>
</kw>
<kw name="Set To Dictionary" library="Collections">
<doc>Adds the given ``key_value_pairs`` and ``items`` to the ``dictionary``.</doc>
<arguments>
<arg>${body}</arg>
<arg>&amp;{kwargs}</arg>
</arguments>
<status status="PASS" starttime="20200608 12:43:06.223" endtime="20200608 12:43:06.223"></status>
</kw>
<kw name="Evaluate" library="BuiltIn">
<doc>Evaluates the given expression in Python and returns the results.</doc>
<arguments>
<arg>json.dumps(${body})</arg>
<arg>json</arg>
</arguments>
<assign>
<var>${json_string}</var>
</assign>
<msg timestamp="20200608 12:43:06.224" level="INFO">${json_string} = {"timestamp": "2020-06-08T09:43:06+00:00", "parameters": {"idOfficial": "3042282-9", "country": "fi", "status": ["Canceled", "In Progress", "Open"], "limit": "5", "offset": "0", "queryText": "", "filt...</msg>
<status status="PASS" starttime="20200608 12:43:06.223" endtime="20200608 12:43:06.224"></status>
</kw>
<msg timestamp="20200608 12:43:06.224" level="INFO">${body} = {"timestamp": "2020-06-08T09:43:06+00:00", "parameters": {"idOfficial": "3042282-9", "country": "fi", "status": ["Canceled", "In Progress", "Open"], "limit": "5", "offset": "0", "queryText": "", "filt...</msg>
<status status="PASS" starttime="20200608 12:43:06.221" endtime="20200608 12:43:06.224"></status>
</kw>
<kw name="Evaluate" library="BuiltIn">
<doc>Evaluates the given expression in Python and returns the results.</doc>
<arguments>
<arg>json.loads('''${body}''')</arg>
<arg>json</arg>
</arguments>
<assign>
<var>${body}</var>
</assign>
<msg timestamp="20200608 12:43:06.225" level="INFO">${body} = {'timestamp': '2020-06-08T09:43:06+00:00', 'parameters': {'idOfficial': '3042282-9', 'country': 'fi', 'status': ['Canceled', 'In Progress', 'Open'], 'limit': '5', 'offset': '0', 'queryText': '', 'filt...</msg>
<status status="PASS" starttime="20200608 12:43:06.224" endtime="20200608 12:43:06.225"></status>
</kw>
<kw name="Set To Dictionary" library="Collections">
<doc>Adds the given ``key_value_pairs`` and ``items`` to the ``dictionary``.</doc>
<arguments>
<arg>${body["parameters"]}</arg>
<arg>limit=</arg>
</arguments>
<status status="PASS" starttime="20200608 12:43:06.225" endtime="20200608 12:43:06.225"></status>
</kw>
<kw name="Fetch Data Product">
<arguments>
<arg>${body}</arg>
</arguments>
<kw name="Calculate Pot Signature" library="PoTLib">
<arguments>
<arg>${body}</arg>
<arg>${CLIENT_SECRET}</arg>
</arguments>
<assign>
<var>${signature}</var>
</assign>
<msg timestamp="20200608 12:43:06.226" level="INFO">4dA1HlGnIOHzc3v5r/t4dHNWgIXoyYI/Gw6HIbRaJRc=</msg>
<msg timestamp="20200608 12:43:06.226" level="INFO">${signature} = 4dA1HlGnIOHzc3v5r/t4dHNWgIXoyYI/Gw6HIbRaJRc=</msg>
<status status="PASS" starttime="20200608 12:43:06.226" endtime="20200608 12:43:06.226"></status>
</kw>
<kw name="Set Headers" library="REST">
<tags>
<tag>settings</tag>
</tags>
<doc>*Sets new request headers or updates the existing.*</doc>
<arguments>
<arg>{"x-pot-signature": "${signature}", "x-app-token": "${APP_TOKEN}"}</arg>
</arguments>
<status status="PASS" starttime="20200608 12:43:06.227" endtime="20200608 12:43:06.227"></status>
</kw>
<kw name="Post" library="REST">
<tags>
<tag>http</tag>
</tags>
<doc>*Sends a POST request to the endpoint.*</doc>
<arguments>
<arg>/translator/v1/fetch</arg>
<arg>${body}</arg>
</arguments>
<status status="PASS" starttime="20200608 12:43:06.227" endtime="20200608 12:43:06.284"></status>
</kw>
<kw name="Output Schema" library="REST">
<tags>
<tag>I/O</tag>
</tags>
<doc>*Outputs JSON Schema to terminal or a file.*</doc>
<arguments>
<arg>response body</arg>
</arguments>
<msg timestamp="20200608 12:43:06.285" level="INFO">
{
    "type": "object",
    "properties": {
        "error": {
            "type": "object",
            "properties": {
                "status": {
                    "type": "integer",
                    "default": 422
                },
                "message": {
                    "type": "string",
                    "default": "Please set limit above 0"
                }
            },
            "required": [
                "message",
                "status"
            ]
        }
    },
    "required": [
        "error"
    ]
}</msg>
<status status="PASS" starttime="20200608 12:43:06.285" endtime="20200608 12:43:06.287"></status>
</kw>
<status status="PASS" starttime="20200608 12:43:06.226" endtime="20200608 12:43:06.287"></status>
</kw>
<kw name="Integer" library="REST">
<tags>
<tag>assertions</tag>
</tags>
<doc>*Asserts the field as JSON integer.*</doc>
<arguments>
<arg>response status</arg>
<arg>422</arg>
</arguments>
<status status="PASS" starttime="20200608 12:43:06.287" endtime="20200608 12:43:06.288"></status>
</kw>
<kw name="Integer" library="REST">
<tags>
<tag>assertions</tag>
</tags>
<doc>*Asserts the field as JSON integer.*</doc>
<arguments>
<arg>response body error status</arg>
<arg>422</arg>
</arguments>
<status status="PASS" starttime="20200608 12:43:06.288" endtime="20200608 12:43:06.289"></status>
</kw>
<kw name="String" library="REST">
<tags>
<tag>assertions</tag>
</tags>
<doc>*Asserts the field as JSON string.*</doc>
<arguments>
<arg>response body error message</arg>
<arg>Please set limit above 0</arg>
</arguments>
<status status="PASS" starttime="20200608 12:43:06.289" endtime="20200608 12:43:06.290"></status>
</kw>
<status status="PASS" starttime="20200608 12:43:06.220" endtime="20200608 12:43:06.290" critical="yes"></status>
</test>
<test id="s1-t6" name="fetch, 200, startTime returns tasks started after">
<kw name="Get Body">
<assign>
<var>${body}</var>
</assign>
<kw name="Copy Dictionary" library="Collections">
<doc>Returns a copy of the given dictionary.</doc>
<arguments>
<arg>${BROKER_BODY}</arg>
<arg>deepcopy=True</arg>
</arguments>
<assign>
<var>${body}</var>
</assign>
<msg timestamp="20200608 12:43:06.292" level="INFO">${body} = {'timestamp': '2018-11-01T12:00:00+00:00', 'parameters': {'idOfficial': '3042282-9', 'country': 'fi', 'status': ['Canceled', 'In Progress', 'Open'], 'limit': '5', 'offset': '0', 'queryText': '', 'filt...</msg>
<status status="PASS" starttime="20200608 12:43:06.291" endtime="20200608 12:43:06.292"></status>
</kw>
<kw name="Get Current Date" library="DateTime">
<doc>Returns current local or UTC time with an optional increment.</doc>
<arguments>
<arg>time_zone=UTC</arg>
<arg>result_format=%Y-%m-%dT%H:%M:%S+00:00</arg>
</arguments>
<assign>
<var>${now}</var>
</assign>
<msg timestamp="20200608 12:43:06.292" level="INFO">${now} = 2020-06-08T09:43:06+00:00</msg>
<status status="PASS" starttime="20200608 12:43:06.292" endtime="20200608 12:43:06.293"></status>
</kw>
<kw name="Set To Dictionary" library="Collections">
<doc>Adds the given ``key_value_pairs`` and ``items`` to the ``dictionary``.</doc>
<arguments>
<arg>${body}</arg>
<arg>timestamp</arg>
<arg>${now}</arg>
</arguments>
<status status="PASS" starttime="20200608 12:43:06.293" endtime="20200608 12:43:06.293"></status>
</kw>
<kw name="Set To Dictionary" library="Collections">
<doc>Adds the given ``key_value_pairs`` and ``items`` to the ``dictionary``.</doc>
<arguments>
<arg>${body}</arg>
<arg>&amp;{kwargs}</arg>
</arguments>
<status status="PASS" starttime="20200608 12:43:06.293" endtime="20200608 12:43:06.294"></status>
</kw>
<kw name="Evaluate" library="BuiltIn">
<doc>Evaluates the given expression in Python and returns the results.</doc>
<arguments>
<arg>json.dumps(${body})</arg>
<arg>json</arg>
</arguments>
<assign>
<var>${json_string}</var>
</assign>
<msg timestamp="20200608 12:43:06.294" level="INFO">${json_string} = {"timestamp": "2020-06-08T09:43:06+00:00", "parameters": {"idOfficial": "3042282-9", "country": "fi", "status": ["Canceled", "In Progress", "Open"], "limit": "5", "offset": "0", "queryText": "", "filt...</msg>
<status status="PASS" starttime="20200608 12:43:06.294" endtime="20200608 12:43:06.295"></status>
</kw>
<msg timestamp="20200608 12:43:06.295" level="INFO">${body} = {"timestamp": "2020-06-08T09:43:06+00:00", "parameters": {"idOfficial": "3042282-9", "country": "fi", "status": ["Canceled", "In Progress", "Open"], "limit": "5", "offset": "0", "queryText": "", "filt...</msg>
<status status="PASS" starttime="20200608 12:43:06.291" endtime="20200608 12:43:06.295"></status>
</kw>
<kw name="Evaluate" library="BuiltIn">
<doc>Evaluates the given expression in Python and returns the results.</doc>
<arguments>
<arg>json.loads('''${body}''')</arg>
<arg>json</arg>
</arguments>
<assign>
<var>${body}</var>
</assign>
<msg timestamp="20200608 12:43:06.295" level="INFO">${body} = {'timestamp': '2020-06-08T09:43:06+00:00', 'parameters': {'idOfficial': '3042282-9', 'country': 'fi', 'status': ['Canceled', 'In Progress', 'Open'], 'limit': '5', 'offset': '0', 'queryText': '', 'filt...</msg>
<status status="PASS" starttime="20200608 12:43:06.295" endtime="20200608 12:43:06.295"></status>
</kw>
<kw name="Set To Dictionary" library="Collections">
<doc>Adds the given ``key_value_pairs`` and ``items`` to the ``dictionary``.</doc>
<arguments>
<arg>${body["parameters"]}</arg>
<arg>startTime=${START_TIME}</arg>
</arguments>
<status status="PASS" starttime="20200608 12:43:06.295" endtime="20200608 12:43:06.296"></status>
</kw>
<kw name="Evaluate" library="BuiltIn">
<doc>Evaluates the given expression in Python and returns the results.</doc>
<arguments>
<arg>json.dumps(${body})</arg>
<arg>json</arg>
</arguments>
<assign>
<var>${body}</var>
</assign>
<msg timestamp="20200608 12:43:06.296" level="INFO">${body} = {"timestamp": "2020-06-08T09:43:06+00:00", "parameters": {"idOfficial": "3042282-9", "country": "fi", "status": ["Canceled", "In Progress", "Open"], "limit": "5", "offset": "0", "queryText": "", "filt...</msg>
<status status="PASS" starttime="20200608 12:43:06.296" endtime="20200608 12:43:06.296"></status>
</kw>
<kw name="Fetch Data Product">
<arguments>
<arg>${body}</arg>
</arguments>
<kw name="Calculate Pot Signature" library="PoTLib">
<arguments>
<arg>${body}</arg>
<arg>${CLIENT_SECRET}</arg>
</arguments>
<assign>
<var>${signature}</var>
</assign>
<msg timestamp="20200608 12:43:06.297" level="INFO">Gf3DIFT0qq1EQQMkFaashmGAeDpqzHlIE6jJaH60CGk=</msg>
<msg timestamp="20200608 12:43:06.297" level="INFO">${signature} = Gf3DIFT0qq1EQQMkFaashmGAeDpqzHlIE6jJaH60CGk=</msg>
<status status="PASS" starttime="20200608 12:43:06.297" endtime="20200608 12:43:06.297"></status>
</kw>
<kw name="Set Headers" library="REST">
<tags>
<tag>settings</tag>
</tags>
<doc>*Sets new request headers or updates the existing.*</doc>
<arguments>
<arg>{"x-pot-signature": "${signature}", "x-app-token": "${APP_TOKEN}"}</arg>
</arguments>
<status status="PASS" starttime="20200608 12:43:06.298" endtime="20200608 12:43:06.298"></status>
</kw>
<kw name="Post" library="REST">
<tags>
<tag>http</tag>
</tags>
<doc>*Sends a POST request to the endpoint.*</doc>
<arguments>
<arg>/translator/v1/fetch</arg>
<arg>${body}</arg>
</arguments>
<status status="PASS" starttime="20200608 12:43:06.298" endtime="20200608 12:43:06.606"></status>
</kw>
<kw name="Output Schema" library="REST">
<tags>
<tag>I/O</tag>
</tags>
<doc>*Outputs JSON Schema to terminal or a file.*</doc>
<arguments>
<arg>response body</arg>
</arguments>
<msg timestamp="20200608 12:43:06.607" level="INFO">
{
    "type": "object",
    "properties": {
        "@context": {
            "type": "string",
            "default": "https://standards-ontotest.oftrust.net/v2/Context/DataProductOutput/Document/Signing/SignSpace/"
        },
        "data": {
            "type": "object",
            "properties": {
                "signing": {
                    "type": "array",
                    "items": {
                        "type": "object",
                        "properties": {
                            "url": {
                                "type": "string"
                            },
                            "digitalSignaturesRequestedCount": {
                                "type": "integer"
                            },
                            "digitalSignaturesCompletedCount": {
                                "type": "integer"
                            },
                            "created": {
                                "type": "string"
                            },
                            "updated": {
                                "type": "string"
                            },
                            "status": {
                                "type": "string"
                            },
                            "idSource": {
                                "type": "string"
                            },
                            "name": {
                                "type": "string"
                            },
                            "parties": {
                                "type": "array",
                                "items": {
                                    "type": "object",
                                    "properties": {
                                        "name": {
                                            "type": "string"
                                        },
                                        "@type": {
                                            "type": "string"
                                        }
                                    },
                                    "required": [
                                        "@type",
                                        "name"
                                    ]
                                }
                            },
                            "documents": {
                                "type": "array",
                                "items": {
                                    "type": "object",
                                    "properties": {
                                        "name": {
                                            "type": "string"
                                        },
                                        "@type": {
                                            "type": "string"
                                        }
                                    },
                                    "required": [
                                        "@type",
                                        "name"
                                    ]
                                }
                            },
                            "digitalSignatures": {
                                "type": "array",
                                "items": {
                                    "type": "object",
                                    "properties": {
                                        "@type": {
                                            "type": "string"
                                        },
                                        "executor": {
                                            "type": "string"
                                        },
                                        "timestamp": {
                                            "type": "string"
                                        }
                                    },
                                    "required": [
                                        "@type",
                                        "executor",
                                        "timestamp"
                                    ]
                                }
                            }
                        },
                        "required": [
                            "created",
                            "digitalSignatures",
                            "digitalSignaturesCompletedCount",
                            "digitalSignaturesRequestedCount",
                            "documents",
                            "idSource",
                            "name",
                            "parties",
                            "status",
                            "updated",
                            "url"
                        ]
                    },
                    "default": [
                        {
                            "url": "https://signspace.beta.tilaajavastuu.fi/signing/5eda1409d5ca82017ea96a66",
                            "digitalSignaturesRequestedCount": 1,
                            "digitalSignaturesCompletedCount": 0,
                            "created": "2020-06-05T09:44:41",
                            "updated": "2020-06-05T09:55:42",
                            "status": "Canceled",
                            "idSource": "5eda1409d5ca82017ea96a66",
                            "name": "Test contract with tag",
                            "parties": [
                                {
                                    "name": "PoT Beta",
                                    "@type": "Organization"
                                },
                                {
                                    "name": "PoT Beta",
                                    "@type": "Organization"
                                }
                            ],
                            "documents": [
                                {
                                    "name": "bar.png",
                                    "@type": "Document"
                                }
                            ],
                            "digitalSignatures": []
                        },
                        {
                            "url": "https://signspace.beta.tilaajavastuu.fi/signing/5ed0a1b3588e433c01328ad8",
                            "digitalSignaturesRequestedCount": 1,
                            "digitalSignaturesCompletedCount": 0,
                            "created": "2020-05-29T05:46:27",
[...]
<status status="PASS" starttime="20200608 12:43:08.416" endtime="20200608 12:43:08.416"></status>
</kw>
<kw name="Set To Dictionary" library="Collections">
<doc>Adds the given ``key_value_pairs`` and ``items`` to the ``dictionary``.</doc>
<arguments>
<arg>${body["parameters"]}</arg>
<arg>startTime=${END_TIME}</arg>
</arguments>
<status status="PASS" starttime="20200608 12:43:08.416" endtime="20200608 12:43:08.417"></status>
</kw>
<kw name="Set To Dictionary" library="Collections">
<doc>Adds the given ``key_value_pairs`` and ``items`` to the ``dictionary``.</doc>
<arguments>
<arg>${body["parameters"]}</arg>
<arg>endTime=${START_TIME}</arg>
</arguments>
<status status="PASS" starttime="20200608 12:43:08.417" endtime="20200608 12:43:08.417"></status>
</kw>
<kw name="Evaluate" library="BuiltIn">
<doc>Evaluates the given expression in Python and returns the results.</doc>
<arguments>
<arg>json.dumps(${body})</arg>
<arg>json</arg>
</arguments>
<assign>
<var>${body}</var>
</assign>
<msg timestamp="20200608 12:43:08.417" level="INFO">${body} = {"timestamp": "2020-06-08T09:43:08+00:00", "parameters": {"idOfficial": "3042282-9", "country": "fi", "status": ["Canceled", "In Progress", "Open"], "limit": "5", "offset": "0", "queryText": "", "filt...</msg>
<status status="PASS" starttime="20200608 12:43:08.417" endtime="20200608 12:43:08.417"></status>
</kw>
<kw name="Fetch Data Product">
<arguments>
<arg>${body}</arg>
</arguments>
<kw name="Calculate Pot Signature" library="PoTLib">
<arguments>
<arg>${body}</arg>
<arg>${CLIENT_SECRET}</arg>
</arguments>
<assign>
<var>${signature}</var>
</assign>
<msg timestamp="20200608 12:43:08.418" level="INFO">NtabnbC6y3/juunsLQa0DCWnBUumQtfxzAD7n3Db3IY=</msg>
<msg timestamp="20200608 12:43:08.418" level="INFO">${signature} = NtabnbC6y3/juunsLQa0DCWnBUumQtfxzAD7n3Db3IY=</msg>
<status status="PASS" starttime="20200608 12:43:08.418" endtime="20200608 12:43:08.418"></status>
</kw>
<kw name="Set Headers" library="REST">
<tags>
<tag>settings</tag>
</tags>
<doc>*Sets new request headers or updates the existing.*</doc>
<arguments>
<arg>{"x-pot-signature": "${signature}", "x-app-token": "${APP_TOKEN}"}</arg>
</arguments>
<status status="PASS" starttime="20200608 12:43:08.418" endtime="20200608 12:43:08.418"></status>
</kw>
<kw name="Post" library="REST">
<tags>
<tag>http</tag>
</tags>
<doc>*Sends a POST request to the endpoint.*</doc>
<arguments>
<arg>/translator/v1/fetch</arg>
<arg>${body}</arg>
</arguments>
<status status="PASS" starttime="20200608 12:43:08.419" endtime="20200608 12:43:08.475"></status>
</kw>
<kw name="Output Schema" library="REST">
<tags>
<tag>I/O</tag>
</tags>
<doc>*Outputs JSON Schema to terminal or a file.*</doc>
<arguments>
<arg>response body</arg>
</arguments>
<msg timestamp="20200608 12:43:08.475" level="INFO">
{
    "type": "object",
    "properties": {
        "error": {
            "type": "object",
            "properties": {
                "status": {
                    "type": "integer",
                    "default": 422
                },
                "message": {
                    "type": "string",
                    "default": "Notice, endTime should be after the startTime"
                }
            },
            "required": [
                "message",
                "status"
            ]
        }
    },
    "required": [
        "error"
    ]
}</msg>
<status status="PASS" starttime="20200608 12:43:08.475" endtime="20200608 12:43:08.476"></status>
</kw>
<status status="PASS" starttime="20200608 12:43:08.418" endtime="20200608 12:43:08.476"></status>
</kw>
<kw name="Integer" library="REST">
<tags>
<tag>assertions</tag>
</tags>
<doc>*Asserts the field as JSON integer.*</doc>
<arguments>
<arg>response status</arg>
<arg>422</arg>
</arguments>
<status status="PASS" starttime="20200608 12:43:08.477" endtime="20200608 12:43:08.477"></status>
</kw>
<kw name="Integer" library="REST">
<tags>
<tag>assertions</tag>
</tags>
<doc>*Asserts the field as JSON integer.*</doc>
<arguments>
<arg>response body error status</arg>
<arg>422</arg>
</arguments>
<status status="PASS" starttime="20200608 12:43:08.478" endtime="20200608 12:43:08.479"></status>
</kw>
<kw name="String" library="REST">
<tags>
<tag>assertions</tag>
</tags>
<doc>*Asserts the field as JSON string.*</doc>
<arguments>
<arg>response body error message</arg>
<arg>Notice, endTime should be after the startTime</arg>
</arguments>
<status status="PASS" starttime="20200608 12:43:08.479" endtime="20200608 12:43:08.480"></status>
</kw>
<status status="PASS" starttime="20200608 12:43:08.413" endtime="20200608 12:43:08.480" critical="yes"></status>
</test>
<test id="s1-t12" name="fetch, 422, missing data from idOfficial required field">
<kw name="Get Body">
<assign>
<var>${body}</var>
</assign>
<kw name="Copy Dictionary" library="Collections">
<doc>Returns a copy of the given dictionary.</doc>
<arguments>
<arg>${BROKER_BODY}</arg>
<arg>deepcopy=True</arg>
</arguments>
<assign>
<var>${body}</var>
</assign>
<msg timestamp="20200608 12:43:08.482" level="INFO">${body} = {'timestamp': '2018-11-01T12:00:00+00:00', 'parameters': {'idOfficial': '3042282-9', 'country': 'fi', 'status': ['Canceled', 'In Progress', 'Open'], 'limit': '5', 'offset': '0', 'queryText': '', 'filt...</msg>
<status status="PASS" starttime="20200608 12:43:08.482" endtime="20200608 12:43:08.482"></status>
</kw>
<kw name="Get Current Date" library="DateTime">
<doc>Returns current local or UTC time with an optional increment.</doc>
<arguments>
<arg>time_zone=UTC</arg>
<arg>result_format=%Y-%m-%dT%H:%M:%S+00:00</arg>
</arguments>
<assign>
<var>${now}</var>
</assign>
<msg timestamp="20200608 12:43:08.483" level="INFO">${now} = 2020-06-08T09:43:08+00:00</msg>
<status status="PASS" starttime="20200608 12:43:08.482" endtime="20200608 12:43:08.483"></status>
</kw>
<kw name="Set To Dictionary" library="Collections">
<doc>Adds the given ``key_value_pairs`` and ``items`` to the ``dictionary``.</doc>
<arguments>
<arg>${body}</arg>
<arg>timestamp</arg>
<arg>${now}</arg>
</arguments>
<status status="PASS" starttime="20200608 12:43:08.483" endtime="20200608 12:43:08.483"></status>
</kw>
<kw name="Set To Dictionary" library="Collections">
<doc>Adds the given ``key_value_pairs`` and ``items`` to the ``dictionary``.</doc>
<arguments>
<arg>${body}</arg>
<arg>&amp;{kwargs}</arg>
</arguments>
<status status="PASS" starttime="20200608 12:43:08.484" endtime="20200608 12:43:08.484"></status>
</kw>
<kw name="Evaluate" library="BuiltIn">
<doc>Evaluates the given expression in Python and returns the results.</doc>
<arguments>
<arg>json.dumps(${body})</arg>
<arg>json</arg>
</arguments>
<assign>
<var>${json_string}</var>
</assign>
<msg timestamp="20200608 12:43:08.484" level="INFO">${json_string} = {"timestamp": "2020-06-08T09:43:08+00:00", "parameters": {"idOfficial": "3042282-9", "country": "fi", "status": ["Canceled", "In Progress", "Open"], "limit": "5", "offset": "0", "queryText": "", "filt...</msg>
<status status="PASS" starttime="20200608 12:43:08.484" endtime="20200608 12:43:08.485"></status>
</kw>
<msg timestamp="20200608 12:43:08.485" level="INFO">${body} = {"timestamp": "2020-06-08T09:43:08+00:00", "parameters": {"idOfficial": "3042282-9", "country": "fi", "status": ["Canceled", "In Progress", "Open"], "limit": "5", "offset": "0", "queryText": "", "filt...</msg>
<status status="PASS" starttime="20200608 12:43:08.481" endtime="20200608 12:43:08.485"></status>
</kw>
<kw name="Evaluate" library="BuiltIn">
<doc>Evaluates the given expression in Python and returns the results.</doc>
<arguments>
<arg>json.loads('''${body}''')</arg>
<arg>json</arg>
</arguments>
<assign>
<var>${body}</var>
</assign>
<msg timestamp="20200608 12:43:08.485" level="INFO">${body} = {'timestamp': '2020-06-08T09:43:08+00:00', 'parameters': {'idOfficial': '3042282-9', 'country': 'fi', 'status': ['Canceled', 'In Progress', 'Open'], 'limit': '5', 'offset': '0', 'queryText': '', 'filt...</msg>
<status status="PASS" starttime="20200608 12:43:08.485" endtime="20200608 12:43:08.485"></status>
</kw>
<kw name="Pop From Dictionary" library="Collections">
<doc>Pops the given ``key`` from the ``dictionary`` and returns its value.</doc>
<arguments>
<arg>${body["parameters"]}</arg>
<arg>idOfficial</arg>
</arguments>
<status status="PASS" starttime="20200608 12:43:08.486" endtime="20200608 12:43:08.486"></status>
</kw>
<kw name="Fetch Data Product">
<arguments>
<arg>${body}</arg>
</arguments>
<kw name="Calculate Pot Signature" library="PoTLib">
<arguments>
<arg>${body}</arg>
<arg>${CLIENT_SECRET}</arg>
</arguments>
<assign>
<var>${signature}</var>
</assign>
<msg timestamp="20200608 12:43:08.487" level="INFO">Smn0uKqDq5A9Aduwlc47sxkj2K18d4FIB2imcgkb8/Y=</msg>
<msg timestamp="20200608 12:43:08.487" level="INFO">${signature} = Smn0uKqDq5A9Aduwlc47sxkj2K18d4FIB2imcgkb8/Y=</msg>
<status status="PASS" starttime="20200608 12:43:08.486" endtime="20200608 12:43:08.487"></status>
</kw>
<kw name="Set Headers" library="REST">
<tags>
<tag>settings</tag>
</tags>
<doc>*Sets new request headers or updates the existing.*</doc>
<arguments>
<arg>{"x-pot-signature": "${signature}", "x-app-token": "${APP_TOKEN}"}</arg>
</arguments>
<status status="PASS" starttime="20200608 12:43:08.487" endtime="20200608 12:43:08.487"></status>
</kw>
<kw name="Post" library="REST">
<tags>
<tag>http</tag>
</tags>
<doc>*Sends a POST request to the endpoint.*</doc>
<arguments>
<arg>/translator/v1/fetch</arg>
<arg>${body}</arg>
</arguments>
<status status="PASS" starttime="20200608 12:43:08.487" endtime="20200608 12:43:08.493"></status>
</kw>
<kw name="Output Schema" library="REST">
<tags>
<tag>I/O</tag>
</tags>
<doc>*Outputs JSON Schema to terminal or a file.*</doc>
<arguments>
<arg>response body</arg>
</arguments>
<msg timestamp="20200608 12:43:08.493" level="INFO">
{
    "type": "object",
    "properties": {
        "error": {
            "type": "object",
            "properties": {
                "status": {
                    "type": "integer",
                    "default": 422
                },
                "message": {
                    "type": "object",
                    "properties": {
                        "parameters.idOfficial": {
                            "type": "array",
                            "items": {
                                "type": "string"
                            },
                            "default": [
                                "Missing data for required field."
                            ]
                        }
                    },
                    "required": [
                        "parameters.idOfficial"
                    ]
                }
            },
            "required": [
                "message",
                "status"
            ]
        }
    },
    "required": [
        "error"
    ]
}</msg>
<status status="PASS" starttime="20200608 12:43:08.493" endtime="20200608 12:43:08.494"></status>
</kw>
<status status="PASS" starttime="20200608 12:43:08.486" endtime="20200608 12:43:08.494"></status>
</kw>
<kw name="Integer" library="REST">
<tags>
<tag>assertions</tag>
</tags>
<doc>*Asserts the field as JSON integer.*</doc>
<arguments>
<arg>response status</arg>
<arg>422</arg>
</arguments>
<status status="PASS" starttime="20200608 12:43:08.494" endtime="20200608 12:43:08.495"></status>
</kw>
<kw name="Integer" library="REST">
<tags>
<tag>assertions</tag>
</tags>
<doc>*Asserts the field as JSON integer.*</doc>
<arguments>
<arg>response body error status</arg>
<arg>422</arg>
</arguments>
<status status="PASS" starttime="20200608 12:43:08.495" endtime="20200608 12:43:08.496"></status>
</kw>
<kw name="String" library="REST">
<tags>
<tag>assertions</tag>
</tags>
<doc>*Asserts the field as JSON string.*</doc>
<arguments>
<arg>response body error message parameters.idOfficial 0</arg>
<arg>Missing data for required field.</arg>
</arguments>
<status status="PASS" starttime="20200608 12:43:08.496" endtime="20200608 12:43:08.496"></status>
</kw>
<status status="PASS" starttime="20200608 12:43:08.481" endtime="20200608 12:43:08.496" critical="yes"></status>
</test>
<test id="s1-t13" name="fetch, 422, missing data from country required field">
<kw name="Get Body">
<assign>
<var>${body}</var>
</assign>
<kw name="Copy Dictionary" library="Collections">
<doc>Returns a copy of the given dictionary.</doc>
<arguments>
<arg>${BROKER_BODY}</arg>
<arg>deepcopy=True</arg>
</arguments>
<assign>
<var>${body}</var>
</assign>
<msg timestamp="20200608 12:43:08.498" level="INFO">${body} = {'timestamp': '2018-11-01T12:00:00+00:00', 'parameters': {'idOfficial': '3042282-9', 'country': 'fi', 'status': ['Canceled', 'In Progress', 'Open'], 'limit': '5', 'offset': '0', 'queryText': '', 'filt...</msg>
<status status="PASS" starttime="20200608 12:43:08.497" endtime="20200608 12:43:08.498"></status>
</kw>
<kw name="Get Current Date" library="DateTime">
<doc>Returns current local or UTC time with an optional increment.</doc>
<arguments>
<arg>time_zone=UTC</arg>
<arg>result_format=%Y-%m-%dT%H:%M:%S+00:00</arg>
</arguments>
<assign>
<var>${now}</var>
</assign>
<msg timestamp="20200608 12:43:08.498" level="INFO">${now} = 2020-06-08T09:43:08+00:00</msg>
<status status="PASS" starttime="20200608 12:43:08.498" endtime="20200608 12:43:08.498"></status>
</kw>
<kw name="Set To Dictionary" library="Collections">
<doc>Adds the given ``key_value_pairs`` and ``items`` to the ``dictionary``.</doc>
<arguments>
<arg>${body}</arg>
<arg>timestamp</arg>
<arg>${now}</arg>
</arguments>
<status status="PASS" starttime="20200608 12:43:08.498" endtime="20200608 12:43:08.498"></status>
</kw>
<kw name="Set To Dictionary" library="Collections">
<doc>Adds the given ``key_value_pairs`` and ``items`` to the ``dictionary``.</doc>
<arguments>
<arg>${body}</arg>
<arg>&amp;{kwargs}</arg>
</arguments>
<status status="PASS" starttime="20200608 12:43:08.498" endtime="20200608 12:43:08.499"></status>
</kw>
<kw name="Evaluate" library="BuiltIn">
<doc>Evaluates the given expression in Python and returns the results.</doc>
<arguments>
<arg>json.dumps(${body})</arg>
<arg>json</arg>
</arguments>
<assign>
<var>${json_string}</var>
</assign>
<msg timestamp="20200608 12:43:08.499" level="INFO">${json_string} = {"timestamp": "2020-06-08T09:43:08+00:00", "parameters": {"idOfficial": "3042282-9", "country": "fi", "status": ["Canceled", "In Progress", "Open"], "limit": "5", "offset": "0", "queryText": "", "filt...</msg>
<status status="PASS" starttime="20200608 12:43:08.499" endtime="20200608 12:43:08.499"></status>
</kw>
<msg timestamp="20200608 12:43:08.499" level="INFO">${body} = {"timestamp": "2020-06-08T09:43:08+00:00", "parameters": {"idOfficial": "3042282-9", "country": "fi", "status": ["Canceled", "In Progress", "Open"], "limit": "5", "offset": "0", "queryText": "", "filt...</msg>
<status status="PASS" starttime="20200608 12:43:08.497" endtime="20200608 12:43:08.499"></status>
</kw>
<kw name="Evaluate" library="BuiltIn">
<doc>Evaluates the given expression in Python and returns the results.</doc>
<arguments>
<arg>json.loads('''${body}''')</arg>
<arg>json</arg>
</arguments>
<assign>
<var>${body}</var>
</assign>
<msg timestamp="20200608 12:43:08.500" level="INFO">${body} = {'timestamp': '2020-06-08T09:43:08+00:00', 'parameters': {'idOfficial': '3042282-9', 'country': 'fi', 'status': ['Canceled', 'In Progress', 'Open'], 'limit': '5', 'offset': '0', 'queryText': '', 'filt...</msg>
<status status="PASS" starttime="20200608 12:43:08.499" endtime="20200608 12:43:08.500"></status>
</kw>
<kw name="Pop From Dictionary" library="Collections">
<doc>Pops the given ``key`` from the ``dictionary`` and returns its value.</doc>
<arguments>
<arg>${body["parameters"]}</arg>
<arg>country</arg>
</arguments>
<status status="PASS" starttime="20200608 12:43:08.500" endtime="20200608 12:43:08.500"></status>
</kw>
<kw name="Fetch Data Product">
<arguments>
<arg>${body}</arg>
</arguments>
<kw name="Calculate Pot Signature" library="PoTLib">
<arguments>
<arg>${body}</arg>
<arg>${CLIENT_SECRET}</arg>
</arguments>
<assign>
<var>${signature}</var>
</assign>
<msg timestamp="20200608 12:43:08.501" level="INFO">TW4siOJbDCUWlmWt4a5WbYDrRxAiOfL8T+pg97Dcxtk=</msg>
<msg timestamp="20200608 12:43:08.501" level="INFO">${signature} = TW4siOJbDCUWlmWt4a5WbYDrRxAiOfL8T+pg97Dcxtk=</msg>
<status status="PASS" starttime="20200608 12:43:08.501" endtime="20200608 12:43:08.501"></status>
</kw>
<kw name="Set Headers" library="REST">
<tags>
<tag>settings</tag>
</tags>
<doc>*Sets new request headers or updates the existing.*</doc>
<arguments>
<arg>{"x-pot-signature": "${signature}", "x-app-token": "${APP_TOKEN}"}</arg>
</arguments>
<status status="PASS" starttime="20200608 12:43:08.501" endtime="20200608 12:43:08.501"></status>
</kw>
<kw name="Post" library="REST">
<tags>
<tag>http</tag>
</tags>
<doc>*Sends a POST request to the endpoint.*</doc>
<arguments>
<arg>/translator/v1/fetch</arg>
<arg>${body}</arg>
</arguments>
<status status="PASS" starttime="20200608 12:43:08.501" endtime="20200608 12:43:08.506"></status>
</kw>
<kw name="Output Schema" library="REST">
<tags>
<tag>I/O</tag>
</tags>
<doc>*Outputs JSON Schema to terminal or a file.*</doc>
<arguments>
<arg>response body</arg>
</arguments>
<msg timestamp="20200608 12:43:08.507" level="INFO">
{
    "type": "object",
    "properties": {
        "error": {
            "type": "object",
            "properties": {
                "status": {
                    "type": "integer",
                    "default": 422
                },
                "message": {
                    "type": "object",
                    "properties": {
                        "parameters.country": {
                            "type": "array",
                            "items": {
                                "type": "string"
                            },
                            "default": [
                                "Missing data for required field."
                            ]
                        }
                    },
                    "required": [
                        "parameters.country"
                    ]
                }
            },
            "required": [
                "message",
                "status"
            ]
        }
    },
    "required": [
        "error"
    ]
}</msg>
<status status="PASS" starttime="20200608 12:43:08.506" endtime="20200608 12:43:08.507"></status>
</kw>
<status status="PASS" starttime="20200608 12:43:08.500" endtime="20200608 12:43:08.508"></status>
</kw>
<kw name="Integer" library="REST">
<tags>
<tag>assertions</tag>
</tags>
<doc>*Asserts the field as JSON integer.*</doc>
<arguments>
<arg>response status</arg>
<arg>422</arg>
</arguments>
<status status="PASS" starttime="20200608 12:43:08.508" endtime="20200608 12:43:08.508"></status>
</kw>
<kw name="Integer" library="REST">
<tags>
<tag>assertions</tag>
</tags>
<doc>*Asserts the field as JSON integer.*</doc>
<arguments>
<arg>response body error status</arg>
<arg>422</arg>
</arguments>
<status status="PASS" starttime="20200608 12:43:08.508" endtime="20200608 12:43:08.509"></status>
</kw>
<kw name="String" library="REST">
<tags>
<tag>assertions</tag>
</tags>
<doc>*Asserts the field as JSON string.*</doc>
<arguments>
<arg>response body error message parameters.country 0</arg>
<arg>Missing data for required field.</arg>
</arguments>
<status status="PASS" starttime="20200608 12:43:08.509" endtime="20200608 12:43:08.509"></status>
</kw>
<status status="PASS" starttime="20200608 12:43:08.496" endtime="20200608 12:43:08.509" critical="yes"></status>
</test>
<status status="PASS" starttime="20200608 12:43:04.181" endtime="20200608 12:43:08.510"></status>
</suite>
<statistics>
<total>
<stat pass="13" fail="0">Critical Tests</stat>
<stat pass="13" fail="0">All Tests</stat>
</total>
<tag>
</tag>
<suite>
<stat pass="13" fail="0" id="s1" name="Connector Tests">Connector Tests</stat>
</suite>
</statistics>
<errors>
</errors>
</robot>
